[0.017s] Invoking command in '/home/aitec-jetson/cugo_ws/build/cugo_ros2_control2': CMAKE_PREFIX_PATH=/opt/ros/humble /usr/bin/cmake /home/aitec-jetson/cugo_ws/src/cugo_ros2_control2 -DROS_EDITION=ROS2 -DHUMBLE_ROS=humble -DCMAKE_INSTALL_PREFIX=/home/aitec-jetson/cugo_ws/install/cugo_ros2_control2
[0.110s] -- The C compiler identification is GNU 11.4.0
[0.206s] -- The CXX compiler identification is GNU 11.4.0
[0.225s] -- Detecting C compiler ABI info
[0.354s] -- Detecting C compiler ABI info - done
[0.378s] -- Check for working C compiler: /usr/bin/cc - skipped
[0.379s] -- Detecting C compile features
[0.381s] -- Detecting C compile features - done
[0.392s] -- Detecting CXX compiler ABI info
[0.542s] -- Detecting CXX compiler ABI info - done
[0.562s] -- Check for working CXX compiler: /usr/bin/c++ - skipped
[0.563s] -- Detecting CXX compile features
[0.563s] -- Detecting CXX compile features - done
[0.566s] -- Found ament_cmake: 1.3.12 (/opt/ros/humble/share/ament_cmake/cmake)
[0.853s] -- Found Python3: /usr/bin/python3 (found version "3.10.12") found components: Interpreter 
[1.018s] -- Found rclcpp: 16.0.16 (/opt/ros/humble/share/rclcpp/cmake)
[1.088s] -- Found rosidl_generator_c: 3.1.7 (/opt/ros/humble/share/rosidl_generator_c/cmake)
[1.093s] -- Found rosidl_adapter: 3.1.7 (/opt/ros/humble/share/rosidl_adapter/cmake)
[1.104s] -- Found rosidl_generator_cpp: 3.1.7 (/opt/ros/humble/share/rosidl_generator_cpp/cmake)
[1.120s] -- Using all available rosidl_typesupport_c: rosidl_typesupport_fastrtps_c;rosidl_typesupport_introspection_c
[1.142s] -- Using all available rosidl_typesupport_cpp: rosidl_typesupport_fastrtps_cpp;rosidl_typesupport_introspection_cpp
[1.199s] -- Found rmw_implementation_cmake: 6.1.2 (/opt/ros/humble/share/rmw_implementation_cmake/cmake)
[1.202s] -- Found rmw_fastrtps_cpp: 6.2.9 (/opt/ros/humble/share/rmw_fastrtps_cpp/cmake)
[1.312s] -- Found OpenSSL: /usr/lib/aarch64-linux-gnu/libcrypto.so (found version "3.0.2")  
[1.354s] -- Found FastRTPS: /opt/ros/humble/include  
[1.411s] -- Using RMW implementation 'rmw_fastrtps_cpp' as default
[1.422s] -- Looking for pthread.h
[1.540s] -- Looking for pthread.h - found
[1.541s] -- Performing Test CMAKE_HAVE_LIBC_PTHREAD
[1.675s] -- Performing Test CMAKE_HAVE_LIBC_PTHREAD - Success
[1.677s] -- Found Threads: TRUE  
[1.772s] -- Found nav_msgs: 4.9.0 (/opt/ros/humble/share/nav_msgs/cmake)
[1.815s] -- Found sensor_msgs: 4.9.0 (/opt/ros/humble/share/sensor_msgs/cmake)
[1.841s] -- Found tf2: 0.25.17 (/opt/ros/humble/share/tf2/cmake)
[1.853s] -- Found tf2_ros: 0.25.17 (/opt/ros/humble/share/tf2_ros/cmake)
[1.974s] -- Found tf2_geometry_msgs: 0.25.17 (/opt/ros/humble/share/tf2_geometry_msgs/cmake)
[1.990s] -- Found eigen3_cmake_module: 0.1.1 (/opt/ros/humble/share/eigen3_cmake_module/cmake)
[1.992s] -- Found Eigen3: TRUE (found version "3.4.0") 
[1.993s] -- Ensuring Eigen3 include directory is part of orocos-kdl CMake target
[1.996s] -- Found diagnostic_updater: 4.0.6 (/opt/ros/humble/share/diagnostic_updater/cmake)
[2.040s] -- Found Boost: /usr/lib/aarch64-linux-gnu/cmake/Boost-1.74.0/BoostConfig.cmake (found version "1.74.0") found components: system thread 
[2.054s] -- Found ament_lint_auto: 0.12.14 (/opt/ros/humble/share/ament_lint_auto/cmake)
[2.056s] -- Found ament_cmake_gtest: 1.3.12 (/opt/ros/humble/share/ament_cmake_gtest/cmake)
[2.185s] -- Found gtest sources under '/opt/ros/humble/src/gtest_vendor': C++ tests using 'Google Test' will be built
[2.212s] -- Added test 'cppcheck' to perform static code analysis on C / C++ code
[2.213s] -- Configured cppcheck include dirs: /home/aitec-jetson/cugo_ws/src/cugo_ros2_control2/include
[2.213s] -- Configured cppcheck exclude dirs and/or files: 
[2.214s] -- Added test 'flake8' to check Python code syntax and style conventions
[2.216s] -- Added test 'lint_cmake' to check CMake code style
[2.217s] -- Added test 'pep257' to check Python code against some of the docstring style conventions in PEP 257
[2.222s] -- Added test 'uncrustify' to check C / C++ code style
[2.222s] -- Configured uncrustify additional arguments: 
[2.223s] -- Added test 'xmllint' to check XML markup files
[2.224s] -- Configuring done
[2.290s] -- Generating done
[2.293s] [33mCMake Warning:
[2.293s]   Manually-specified variables were not used by the project:
[2.293s] 
[2.293s]     HUMBLE_ROS
[2.293s]     ROS_EDITION
[2.293s] 
[2.293s] [0m
[2.311s] -- Build files have been written to: /home/aitec-jetson/cugo_ws/build/cugo_ros2_control2
[2.343s] Invoked command in '/home/aitec-jetson/cugo_ws/build/cugo_ros2_control2' returned '0': CMAKE_PREFIX_PATH=/opt/ros/humble /usr/bin/cmake /home/aitec-jetson/cugo_ws/src/cugo_ros2_control2 -DROS_EDITION=ROS2 -DHUMBLE_ROS=humble -DCMAKE_INSTALL_PREFIX=/home/aitec-jetson/cugo_ws/install/cugo_ros2_control2
[2.347s] Invoking command in '/home/aitec-jetson/cugo_ws/build/cugo_ros2_control2': CMAKE_PREFIX_PATH=/opt/ros/humble /usr/bin/cmake --build /home/aitec-jetson/cugo_ws/build/cugo_ros2_control2 -- -j8 -l8
[2.444s] [ 21%] [32mBuilding CXX object CMakeFiles/cugo_lib.dir/src/cugo.cpp.o[0m
[2.445s] [ 21%] [32mBuilding CXX object gtest/CMakeFiles/gtest_main.dir/src/gtest_main.cc.o[0m
[2.445s] [ 21%] [32mBuilding CXX object CMakeFiles/serial_lib.dir/src/serial.cpp.o[0m
[2.445s] [ 21%] [32mBuilding CXX object gtest/CMakeFiles/gtest.dir/src/gtest-all.cc.o[0m
[3.141s] [ 26%] [32m[1mLinking CXX static library libcugo_lib.a[0m
[3.196s] [ 26%] Built target cugo_lib
[4.188s] [ 31%] [32m[1mLinking CXX static library libgtest_main.a[0m
[4.246s] [ 31%] Built target gtest_main
[8.451s] [ 36%] [32m[1mLinking CXX static library libgtest.a[0m
[8.466s] [ 42%] [32m[1mLinking CXX static library libserial_lib.a[0m
[8.608s] [ 42%] Built target serial_lib
[8.631s] [ 42%] Built target gtest
[8.680s] [ 47%] [32mBuilding CXX object CMakeFiles/node_lib.dir/src/node.cpp.o[0m
[8.691s] [ 52%] [32mBuilding CXX object CMakeFiles/test_cugo.dir/test/test_cugo.cpp.o[0m
[8.716s] [ 57%] [32mBuilding CXX object CMakeFiles/test_serial.dir/test/test_serial.cpp.o[0m
[8.731s] [ 63%] [32mBuilding CXX object CMakeFiles/test_node.dir/test/test_node.cpp.o[0m
[8.745s] [ 68%] [32mBuilding CXX object CMakeFiles/test_node.dir/src/node.cpp.o[0m
[12.841s] [ 73%] [32m[1mLinking CXX executable test_cugo[0m
[13.400s] [ 73%] Built target test_cugo
[19.864s] [ 78%] [32m[1mLinking CXX executable test_serial[0m
[20.346s] [ 78%] Built target test_serial
[35.891s] [ 84%] [32m[1mLinking CXX static library libnode_lib.a[0m
[35.972s] [ 89%] [32m[1mLinking CXX executable test_node[0m
[36.187s] [ 89%] Built target node_lib
[36.227s] [ 94%] [32mBuilding CXX object CMakeFiles/cugo_ros2_control2.dir/src/main.cpp.o[0m
[37.356s] [ 94%] Built target test_node
[45.690s] [100%] [32m[1mLinking CXX executable cugo_ros2_control2[0m
[46.753s] [100%] Built target cugo_ros2_control2
[46.791s] Invoked command in '/home/aitec-jetson/cugo_ws/build/cugo_ros2_control2' returned '0': CMAKE_PREFIX_PATH=/opt/ros/humble /usr/bin/cmake --build /home/aitec-jetson/cugo_ws/build/cugo_ros2_control2 -- -j8 -l8
[46.796s] Invoking command in '/home/aitec-jetson/cugo_ws/build/cugo_ros2_control2': CMAKE_PREFIX_PATH=/opt/ros/humble /usr/bin/cmake --install /home/aitec-jetson/cugo_ws/build/cugo_ros2_control2
[46.810s] -- Install configuration: ""
[46.811s] -- Installing: /home/aitec-jetson/cugo_ws/install/cugo_ros2_control2/lib/cugo_ros2_control2/cugo_ros2_control2
[46.821s] -- Set runtime path of "/home/aitec-jetson/cugo_ws/install/cugo_ros2_control2/lib/cugo_ros2_control2/cugo_ros2_control2" to ""
[46.821s] -- Installing: /home/aitec-jetson/cugo_ws/install/cugo_ros2_control2/include//include
[46.823s] -- Installing: /home/aitec-jetson/cugo_ws/install/cugo_ros2_control2/include//include/cugo_ros2_control2
[46.823s] -- Installing: /home/aitec-jetson/cugo_ws/install/cugo_ros2_control2/include//include/cugo_ros2_control2/cugo.hpp
[46.823s] -- Installing: /home/aitec-jetson/cugo_ws/install/cugo_ros2_control2/include//include/cugo_ros2_control2/node.hpp
[46.823s] -- Installing: /home/aitec-jetson/cugo_ws/install/cugo_ros2_control2/include//include/cugo_ros2_control2/serial.hpp
[46.824s] -- Installing: /home/aitec-jetson/cugo_ws/install/cugo_ros2_control2/share/cugo_ros2_control2//launch
[46.824s] -- Installing: /home/aitec-jetson/cugo_ws/install/cugo_ros2_control2/share/cugo_ros2_control2//launch/cugov4_launch.py
[46.824s] -- Installing: /home/aitec-jetson/cugo_ws/install/cugo_ros2_control2/share/cugo_ros2_control2//launch/unaju_launch.py
[46.824s] -- Installing: /home/aitec-jetson/cugo_ws/install/cugo_ros2_control2/share/cugo_ros2_control2//launch/cugov3i_launch.py
[46.824s] -- Installing: /home/aitec-jetson/cugo_ws/install/cugo_ros2_control2/share/cugo_ros2_control2//urdf
[46.825s] -- Installing: /home/aitec-jetson/cugo_ws/install/cugo_ros2_control2/share/cugo_ros2_control2//urdf/parts
[46.825s] -- Installing: /home/aitec-jetson/cugo_ws/install/cugo_ros2_control2/share/cugo_ros2_control2//urdf/parts/mid360.urdf.xacro
[46.825s] -- Installing: /home/aitec-jetson/cugo_ws/install/cugo_ros2_control2/share/cugo_ros2_control2//urdf/parts/cugo_base.urdf.xacro
[46.825s] -- Installing: /home/aitec-jetson/cugo_ws/install/cugo_ros2_control2/share/cugo_ros2_control2//urdf/my_cugo_robot.urdf.xacro
[46.826s] -- Installing: /home/aitec-jetson/cugo_ws/install/cugo_ros2_control2/share/ament_index/resource_index/package_run_dependencies/cugo_ros2_control2
[46.826s] -- Installing: /home/aitec-jetson/cugo_ws/install/cugo_ros2_control2/share/ament_index/resource_index/parent_prefix_path/cugo_ros2_control2
[46.826s] -- Installing: /home/aitec-jetson/cugo_ws/install/cugo_ros2_control2/share/cugo_ros2_control2/environment/ament_prefix_path.sh
[46.827s] -- Installing: /home/aitec-jetson/cugo_ws/install/cugo_ros2_control2/share/cugo_ros2_control2/environment/ament_prefix_path.dsv
[46.827s] -- Installing: /home/aitec-jetson/cugo_ws/install/cugo_ros2_control2/share/cugo_ros2_control2/environment/path.sh
[46.827s] -- Installing: /home/aitec-jetson/cugo_ws/install/cugo_ros2_control2/share/cugo_ros2_control2/environment/path.dsv
[46.827s] -- Installing: /home/aitec-jetson/cugo_ws/install/cugo_ros2_control2/share/cugo_ros2_control2/local_setup.bash
[46.828s] -- Installing: /home/aitec-jetson/cugo_ws/install/cugo_ros2_control2/share/cugo_ros2_control2/local_setup.sh
[46.828s] -- Installing: /home/aitec-jetson/cugo_ws/install/cugo_ros2_control2/share/cugo_ros2_control2/local_setup.zsh
[46.828s] -- Installing: /home/aitec-jetson/cugo_ws/install/cugo_ros2_control2/share/cugo_ros2_control2/local_setup.dsv
[46.828s] -- Installing: /home/aitec-jetson/cugo_ws/install/cugo_ros2_control2/share/cugo_ros2_control2/package.dsv
[46.829s] -- Installing: /home/aitec-jetson/cugo_ws/install/cugo_ros2_control2/share/ament_index/resource_index/packages/cugo_ros2_control2
[46.829s] -- Installing: /home/aitec-jetson/cugo_ws/install/cugo_ros2_control2/share/cugo_ros2_control2/cmake/cugo_ros2_control2Config.cmake
[46.829s] -- Installing: /home/aitec-jetson/cugo_ws/install/cugo_ros2_control2/share/cugo_ros2_control2/cmake/cugo_ros2_control2Config-version.cmake
[46.829s] -- Installing: /home/aitec-jetson/cugo_ws/install/cugo_ros2_control2/share/cugo_ros2_control2/package.xml
[46.835s] Invoked command in '/home/aitec-jetson/cugo_ws/build/cugo_ros2_control2' returned '0': CMAKE_PREFIX_PATH=/opt/ros/humble /usr/bin/cmake --install /home/aitec-jetson/cugo_ws/build/cugo_ros2_control2
