-- The C compiler identification is GNU 11.4.0
-- The CXX compiler identification is GNU 11.4.0
-- Detecting C compiler ABI info
-- Detecting C compiler ABI info - done
-- Check for working C compiler: /usr/bin/cc - skipped
-- Detecting C compile features
-- Detecting C compile features - done
-- Detecting CXX compiler ABI info
-- Detecting CXX compiler ABI info - done
-- Check for working CXX compiler: /usr/bin/c++ - skipped
-- Detecting CXX compile features
-- Detecting CXX compile features - done
-- Found ament_cmake: 1.3.12 (/opt/ros/humble/share/ament_cmake/cmake)
-- Found Python3: /usr/bin/python3 (found version "3.10.12") found components: Interpreter 
-- Override CMake install command with custom implementation using symlinks instead of copying resources
-- Found rclcpp: 16.0.16 (/opt/ros/humble/share/rclcpp/cmake)
-- Found rosidl_generator_c: 3.1.7 (/opt/ros/humble/share/rosidl_generator_c/cmake)
-- Found rosidl_adapter: 3.1.7 (/opt/ros/humble/share/rosidl_adapter/cmake)
-- Found rosidl_generator_cpp: 3.1.7 (/opt/ros/humble/share/rosidl_generator_cpp/cmake)
-- Using all available rosidl_typesupport_c: rosidl_typesupport_fastrtps_c;rosidl_typesupport_introspection_c
-- Using all available rosidl_typesupport_cpp: rosidl_typesupport_fastrtps_cpp;rosidl_typesupport_introspection_cpp
-- Found rmw_implementation_cmake: 6.1.2 (/opt/ros/humble/share/rmw_implementation_cmake/cmake)
-- Found rmw_fastrtps_cpp: 6.2.9 (/opt/ros/humble/share/rmw_fastrtps_cpp/cmake)
-- Found OpenSSL: /usr/lib/aarch64-linux-gnu/libcrypto.so (found version "3.0.2")  
-- Found FastRTPS: /opt/ros/humble/include  
-- Using RMW implementation 'rmw_fastrtps_cpp' as default
-- Looking for pthread.h
-- Looking for pthread.h - found
-- Performing Test CMAKE_HAVE_LIBC_PTHREAD
-- Performing Test CMAKE_HAVE_LIBC_PTHREAD - Success
-- Found Threads: TRUE  
-- Found nav_msgs: 4.9.0 (/opt/ros/humble/share/nav_msgs/cmake)
-- Found sensor_msgs: 4.9.0 (/opt/ros/humble/share/sensor_msgs/cmake)
-- Found tf2: 0.25.17 (/opt/ros/humble/share/tf2/cmake)
-- Found tf2_ros: 0.25.17 (/opt/ros/humble/share/tf2_ros/cmake)
-- Found tf2_geometry_msgs: 0.25.17 (/opt/ros/humble/share/tf2_geometry_msgs/cmake)
-- Found eigen3_cmake_module: 0.1.1 (/opt/ros/humble/share/eigen3_cmake_module/cmake)
-- Found Eigen3: TRUE (found version "3.4.0") 
-- Ensuring Eigen3 include directory is part of orocos-kdl CMake target
-- Found diagnostic_updater: 4.0.6 (/opt/ros/humble/share/diagnostic_updater/cmake)
-- Found Boost: /usr/lib/aarch64-linux-gnu/cmake/Boost-1.74.0/BoostConfig.cmake (found version "1.74.0") found components: system thread 
-- Found ament_lint_auto: 0.12.14 (/opt/ros/humble/share/ament_lint_auto/cmake)
-- Found ament_cmake_gtest: 1.3.12 (/opt/ros/humble/share/ament_cmake_gtest/cmake)
-- Found gtest sources under '/opt/ros/humble/src/gtest_vendor': C++ tests using 'Google Test' will be built
-- Added test 'cppcheck' to perform static code analysis on C / C++ code
-- Configured cppcheck include dirs: /home/aitec-jetson/cugo_ws/src/cugo_ros2_control2/include
-- Configured cppcheck exclude dirs and/or files: 
-- Added test 'flake8' to check Python code syntax and style conventions
-- Added test 'lint_cmake' to check CMake code style
-- Added test 'pep257' to check Python code against some of the docstring style conventions in PEP 257
-- Added test 'uncrustify' to check C / C++ code style
-- Configured uncrustify additional arguments: 
-- Added test 'xmllint' to check XML markup files
-- Configuring done
-- Generating done
-- Build files have been written to: /home/aitec-jetson/cugo_ws/build/cugo_ros2_control2
[ 15%] [32mBuilding CXX object CMakeFiles/serial_lib.dir/src/serial.cpp.o[0m
[ 15%] [32mBuilding CXX object gtest/CMakeFiles/gtest_main.dir/src/gtest_main.cc.o[0m
[ 15%] [32mBuilding CXX object gtest/CMakeFiles/gtest.dir/src/gtest-all.cc.o[0m
[ 21%] [32mBuilding CXX object CMakeFiles/cugo_lib.dir/src/cugo.cpp.o[0m
[ 26%] [32m[1mLinking CXX static library libcugo_lib.a[0m
[ 26%] Built target cugo_lib
[ 31%] [32m[1mLinking CXX static library libgtest_main.a[0m
[ 31%] Built target gtest_main
[ 36%] [32m[1mLinking CXX static library libgtest.a[0m
[ 36%] Built target gtest
[ 47%] [32m[1mLinking CXX static library libserial_lib.a[0m
[ 47%] [32mBuilding CXX object CMakeFiles/test_cugo.dir/test/test_cugo.cpp.o[0m
[ 47%] Built target serial_lib
[ 68%] [32mBuilding CXX object CMakeFiles/test_node.dir/src/node.cpp.o[0m
[ 68%] [32mBuilding CXX object CMakeFiles/test_node.dir/test/test_node.cpp.o[0m
[ 68%] [32mBuilding CXX object CMakeFiles/test_serial.dir/test/test_serial.cpp.o[0m
[ 68%] [32mBuilding CXX object CMakeFiles/node_lib.dir/src/node.cpp.o[0m
[ 73%] [32m[1mLinking CXX executable test_cugo[0m
[ 73%] Built target test_cugo
[ 78%] [32m[1mLinking CXX executable test_serial[0m
[ 78%] Built target test_serial
[ 84%] [32m[1mLinking CXX executable test_node[0m
[ 89%] [32m[1mLinking CXX static library libnode_lib.a[0m
[ 89%] Built target node_lib
[ 94%] [32mBuilding CXX object CMakeFiles/cugo_ros2_control2.dir/src/main.cpp.o[0m
[ 94%] Built target test_node
[100%] [32m[1mLinking CXX executable cugo_ros2_control2[0m
[100%] Built target cugo_ros2_control2
-- Install configuration: ""
-- Execute custom install script
-- Symlinking: /home/aitec-jetson/cugo_ws/install/cugo_ros2_control2/lib/cugo_ros2_control2/cugo_ros2_control2
-- Symlinking: /home/aitec-jetson/cugo_ws/install/cugo_ros2_control2/include//include/cugo_ros2_control2/cugo.hpp
-- Symlinking: /home/aitec-jetson/cugo_ws/install/cugo_ros2_control2/include//include/cugo_ros2_control2/node.hpp
-- Symlinking: /home/aitec-jetson/cugo_ws/install/cugo_ros2_control2/include//include/cugo_ros2_control2/serial.hpp
-- Symlinking: /home/aitec-jetson/cugo_ws/install/cugo_ros2_control2/share/cugo_ros2_control2//launch/cugov3i_launch.py
-- Symlinking: /home/aitec-jetson/cugo_ws/install/cugo_ros2_control2/share/cugo_ros2_control2//launch/cugov4_launch.py
-- Symlinking: /home/aitec-jetson/cugo_ws/install/cugo_ros2_control2/share/cugo_ros2_control2//launch/unaju_launch.py
-- Symlinking: /home/aitec-jetson/cugo_ws/install/cugo_ros2_control2/share/cugo_ros2_control2//urdf/my_cugo_robot.urdf.xacro
-- Symlinking: /home/aitec-jetson/cugo_ws/install/cugo_ros2_control2/share/cugo_ros2_control2//urdf/parts/cugo_base.urdf.xacro
-- Symlinking: /home/aitec-jetson/cugo_ws/install/cugo_ros2_control2/share/cugo_ros2_control2//urdf/parts/mid360.urdf.xacro
-- Symlinking: /home/aitec-jetson/cugo_ws/install/cugo_ros2_control2/share/ament_index/resource_index/package_run_dependencies/cugo_ros2_control2
-- Symlinking: /home/aitec-jetson/cugo_ws/install/cugo_ros2_control2/share/ament_index/resource_index/parent_prefix_path/cugo_ros2_control2
-- Symlinking: /home/aitec-jetson/cugo_ws/install/cugo_ros2_control2/share/cugo_ros2_control2/environment/ament_prefix_path.sh
-- Symlinking: /home/aitec-jetson/cugo_ws/install/cugo_ros2_control2/share/cugo_ros2_control2/environment/ament_prefix_path.dsv
-- Symlinking: /home/aitec-jetson/cugo_ws/install/cugo_ros2_control2/share/cugo_ros2_control2/environment/path.sh
-- Symlinking: /home/aitec-jetson/cugo_ws/install/cugo_ros2_control2/share/cugo_ros2_control2/environment/path.dsv
-- Symlinking: /home/aitec-jetson/cugo_ws/install/cugo_ros2_control2/share/cugo_ros2_control2/local_setup.bash
-- Symlinking: /home/aitec-jetson/cugo_ws/install/cugo_ros2_control2/share/cugo_ros2_control2/local_setup.sh
-- Symlinking: /home/aitec-jetson/cugo_ws/install/cugo_ros2_control2/share/cugo_ros2_control2/local_setup.zsh
-- Symlinking: /home/aitec-jetson/cugo_ws/install/cugo_ros2_control2/share/cugo_ros2_control2/local_setup.dsv
-- Symlinking: /home/aitec-jetson/cugo_ws/install/cugo_ros2_control2/share/cugo_ros2_control2/package.dsv
-- Symlinking: /home/aitec-jetson/cugo_ws/install/cugo_ros2_control2/share/ament_index/resource_index/packages/cugo_ros2_control2
-- Symlinking: /home/aitec-jetson/cugo_ws/install/cugo_ros2_control2/share/cugo_ros2_control2/cmake/cugo_ros2_control2Config.cmake
-- Symlinking: /home/aitec-jetson/cugo_ws/install/cugo_ros2_control2/share/cugo_ros2_control2/cmake/cugo_ros2_control2Config-version.cmake
-- Symlinking: /home/aitec-jetson/cugo_ws/install/cugo_ros2_control2/share/cugo_ros2_control2/package.xml
