[0.025s] Invoking command in '/home/aitec-jetson/slam_ws/build/fast_lio': CMAKE_PREFIX_PATH=${CMAKE_PREFIX_PATH}:/opt/ros/humble /usr/bin/cmake /home/aitec-jetson/slam_ws/src/fast_lio -DAMENT_CMAKE_SYMLINK_INSTALL=1 -DCMAKE_INSTALL_PREFIX=/home/aitec-jetson/slam_ws/install/fast_lio
[0.127s] -- The C compiler identification is GNU 11.4.0
[0.224s] -- The CXX compiler identification is GNU 11.4.0
[0.240s] -- Detecting C compiler ABI info
[0.370s] -- Detecting C compiler ABI info - done
[0.379s] -- Check for working C compiler: /usr/bin/cc - skipped
[0.380s] -- Detecting C compile features
[0.380s] -- Detecting C compile features - done
[0.386s] -- Detecting CXX compiler ABI info
[0.519s] -- Detecting CXX compiler ABI info - done
[0.537s] -- Check for working CXX compiler: /usr/bin/c++ - skipped
[0.538s] -- Detecting CXX compile features
[0.538s] -- Detecting CXX compile features - done
[0.539s] [0mCurrent CPU archtecture: aarch64[0m
[1.191s] -- Found PythonLibs: /usr/lib/aarch64-linux-gnu/libpython3.10.so (found version "3.10.12") 
[1.194s] -- Found ament_cmake: 1.3.12 (/opt/ros/humble/share/ament_cmake/cmake)
[1.476s] -- Found Python3: /usr/bin/python3 (found version "3.10.12") found components: Interpreter 
[1.591s] -- Override CMake install command with custom implementation using symlinks instead of copying resources
[1.652s] -- Found rclcpp: 16.0.16 (/opt/ros/humble/share/rclcpp/cmake)
[1.714s] -- Found rosidl_generator_c: 3.1.7 (/opt/ros/humble/share/rosidl_generator_c/cmake)
[1.721s] -- Found rosidl_adapter: 3.1.7 (/opt/ros/humble/share/rosidl_adapter/cmake)
[1.732s] -- Found rosidl_generator_cpp: 3.1.7 (/opt/ros/humble/share/rosidl_generator_cpp/cmake)
[1.749s] -- Using all available rosidl_typesupport_c: rosidl_typesupport_fastrtps_c;rosidl_typesupport_introspection_c
[1.771s] -- Using all available rosidl_typesupport_cpp: rosidl_typesupport_fastrtps_cpp;rosidl_typesupport_introspection_cpp
[1.831s] -- Found rmw_implementation_cmake: 6.1.2 (/opt/ros/humble/share/rmw_implementation_cmake/cmake)
[1.834s] -- Found rmw_fastrtps_cpp: 6.2.9 (/opt/ros/humble/share/rmw_fastrtps_cpp/cmake)
[1.965s] -- Found OpenSSL: /usr/lib/aarch64-linux-gnu/libcrypto.so (found version "3.0.2")  
[2.014s] -- Found FastRTPS: /opt/ros/humble/include  
[2.079s] -- Using RMW implementation 'rmw_fastrtps_cpp' as default
[2.091s] -- Looking for pthread.h
[2.230s] -- Looking for pthread.h - found
[2.230s] -- Performing Test CMAKE_HAVE_LIBC_PTHREAD
[2.370s] -- Performing Test CMAKE_HAVE_LIBC_PTHREAD - Success
[2.374s] -- Found Threads: TRUE  
[2.484s] -- Found rclcpp_components: 16.0.16 (/opt/ros/humble/share/rclcpp_components/cmake)
[2.522s] -- Found geometry_msgs: 4.9.0 (/opt/ros/humble/share/geometry_msgs/cmake)
[2.541s] -- Found nav_msgs: 4.9.0 (/opt/ros/humble/share/nav_msgs/cmake)
[2.565s] -- Found sensor_msgs: 4.9.0 (/opt/ros/humble/share/sensor_msgs/cmake)
[2.589s] -- Found std_srvs: 4.9.0 (/opt/ros/humble/share/std_srvs/cmake)
[2.603s] -- Found visualization_msgs: 4.9.0 (/opt/ros/humble/share/visualization_msgs/cmake)
[2.631s] -- Found pcl_ros: 2.4.5 (/opt/ros/humble/share/pcl_ros/cmake)
[2.690s] -- Checking for module 'eigen3'
[2.710s] --   Found eigen3, version 3.4.0
[2.777s] -- Found Eigen: /usr/include/eigen3 (Required is at least version "3.1") 
[2.778s] -- Eigen found (include: /usr/include/eigen3, version: 3.4.0)
[2.838s] -- Checking for module 'flann'
[2.860s] --   Found flann, version 1.9.1
[2.947s] -- Found FLANN: /usr/lib/aarch64-linux-gnu/libflann_cpp.so  
[2.947s] -- FLANN found (include: /usr/include, lib: /usr/lib/aarch64-linux-gnu/libflann_cpp.so)
[4.865s] -- Checking for module 'libusb-1.0'
[4.895s] --   Found libusb-1.0, version 1.0.25
[4.974s] -- Found libusb: /usr/lib/aarch64-linux-gnu/libusb-1.0.so  
[4.975s] -- OpenNI found (version: 1.5.4.0, include: /usr/include/ni, lib: /usr/lib/libOpenNI.so;libusb::libusb)
[5.107s] -- OpenNI2 found (version: 2.2.0.33, include: /usr/include/openni2, lib: /usr/lib/aarch64-linux-gnu/libOpenNI2.so;libusb::libusb)
[5.353s] -- Eigen found (include: /usr/include/eigen3, version: 3.4.0)
[5.362s] -- OpenNI found (version: 1.5.4.0, include: /usr/include/ni, lib: /usr/lib/libOpenNI.so;libusb::libusb)
[5.374s] -- OpenNI2 found (version: 2.2.0.33, include: /usr/include/openni2, lib: /usr/lib/aarch64-linux-gnu/libOpenNI2.so;libusb::libusb)
[5.594s] -- Found Qhull version 8.0.2
[5.815s] -- OpenNI found (version: 1.5.4.0, include: /usr/include/ni, lib: /usr/lib/libOpenNI.so;libusb::libusb)
[6.026s] -- Found PCL_COMMON: /usr/lib/aarch64-linux-gnu/libpcl_common.so  
[6.027s] -- Found PCL_KDTREE: /usr/lib/aarch64-linux-gnu/libpcl_kdtree.so  
[6.028s] -- Found PCL_OCTREE: /usr/lib/aarch64-linux-gnu/libpcl_octree.so  
[6.029s] -- Found PCL_SEARCH: /usr/lib/aarch64-linux-gnu/libpcl_search.so  
[6.031s] -- Found PCL_SAMPLE_CONSENSUS: /usr/lib/aarch64-linux-gnu/libpcl_sample_consensus.so  
[6.032s] -- Found PCL_FILTERS: /usr/lib/aarch64-linux-gnu/libpcl_filters.so  
[6.032s] -- Found PCL_2D: /usr/include/pcl-1.12  
[6.033s] -- Found PCL_GEOMETRY: /usr/include/pcl-1.12  
[6.034s] -- Found PCL_IO: /usr/lib/aarch64-linux-gnu/libpcl_io.so  
[6.035s] -- Found PCL_FEATURES: /usr/lib/aarch64-linux-gnu/libpcl_features.so  
[6.037s] -- Found PCL_ML: /usr/lib/aarch64-linux-gnu/libpcl_ml.so  
[6.038s] -- Found PCL_SEGMENTATION: /usr/lib/aarch64-linux-gnu/libpcl_segmentation.so  
[6.039s] -- Found PCL_VISUALIZATION: /usr/lib/aarch64-linux-gnu/libpcl_visualization.so  
[6.040s] -- Found PCL_SURFACE: /usr/lib/aarch64-linux-gnu/libpcl_surface.so  
[6.042s] -- Found PCL_REGISTRATION: /usr/lib/aarch64-linux-gnu/libpcl_registration.so  
[6.043s] -- Found PCL_KEYPOINTS: /usr/lib/aarch64-linux-gnu/libpcl_keypoints.so  
[6.044s] -- Found PCL_TRACKING: /usr/lib/aarch64-linux-gnu/libpcl_tracking.so  
[6.046s] -- Found PCL_RECOGNITION: /usr/lib/aarch64-linux-gnu/libpcl_recognition.so  
[6.047s] -- Found PCL_STEREO: /usr/lib/aarch64-linux-gnu/libpcl_stereo.so  
[6.048s] -- Found PCL_APPS: /usr/lib/aarch64-linux-gnu/libpcl_apps.so  
[6.049s] -- Found PCL_IN_HAND_SCANNER: /usr/include/pcl-1.12  
[6.050s] -- Found PCL_MODELER: /usr/include/pcl-1.12  
[6.050s] -- Found PCL_POINT_CLOUD_EDITOR: /usr/include/pcl-1.12  
[6.051s] -- Found PCL_OUTOFCORE: /usr/lib/aarch64-linux-gnu/libpcl_outofcore.so  
[6.053s] -- Found PCL_PEOPLE: /usr/lib/aarch64-linux-gnu/libpcl_people.so  
[6.090s] -- Found eigen3_cmake_module: 0.1.1 (/opt/ros/humble/share/eigen3_cmake_module/cmake)
[6.091s] -- Found Eigen3: TRUE (found version "3.4.0") 
[6.092s] -- Ensuring Eigen3 include directory is part of orocos-kdl CMake target
[6.189s] -- Found livox_ros_driver2: 1.0.0 (/home/aitec-jetson/cugo_ws/install/livox_ros_driver2/share/livox_ros_driver2/cmake)
[6.218s] -- Found rosidl_default_generators: 1.2.0 (/opt/ros/humble/share/rosidl_default_generators/cmake)
[6.231s] [33mCMake Warning (dev) at CMakeLists.txt:81 (find_package):
[6.231s]   Policy CMP0074 is not set: find_package uses <PackageName>_ROOT variables.
[6.232s]   Run "cmake --help-policy CMP0074" for policy details.  Use the cmake_policy
[6.232s]   command to set the policy and suppress this warning.
[6.232s] 
[6.232s]   CMake variable PCL_ROOT is set to:
[6.232s] 
[6.232s]     /usr
[6.232s] 
[6.233s]   For compatibility, CMake is ignoring the variable.
[6.233s] This warning is for project developers.  Use -Wno-dev to suppress it.
[6.233s] [0m
[6.242s] [0mEigen:/usr/include/eigen3[0m
[6.243s] -- PCL: /usr/include/pcl-1.12
[6.732s] -- Found ament_cmake_ros: 0.10.0 (/opt/ros/humble/share/ament_cmake_ros/cmake)
[7.374s] -- Using all available rosidl_typesupport_c: rosidl_typesupport_fastrtps_c;rosidl_typesupport_introspection_c
[7.623s] -- Using all available rosidl_typesupport_cpp: rosidl_typesupport_fastrtps_cpp;rosidl_typesupport_introspection_cpp
[7.706s] -- Found PythonInterp: /usr/bin/python3 (found suitable version "3.10.12", minimum required is "3.6") 
[7.707s] -- Found python_cmake_module: 0.10.0 (/opt/ros/humble/share/python_cmake_module/cmake)
[7.737s] -- Found PythonLibs: /usr/lib/aarch64-linux-gnu/libpython3.10.so (found suitable version "3.10.12", minimum required is "3.5") 
[7.737s] -- Using PYTHON_EXECUTABLE: /usr/bin/python3
[7.738s] -- Using PYTHON_INCLUDE_DIRS: /usr/include/python3.10
[7.738s] -- Using PYTHON_LIBRARIES: /usr/lib/aarch64-linux-gnu/libpython3.10.so
[7.782s] -- Found PythonExtra: .so  
[7.921s] -- Configuring done
[8.037s] -- Generating done
[8.071s] -- Build files have been written to: /home/aitec-jetson/slam_ws/build/fast_lio
[8.122s] Invoked command in '/home/aitec-jetson/slam_ws/build/fast_lio' returned '0': CMAKE_PREFIX_PATH=${CMAKE_PREFIX_PATH}:/opt/ros/humble /usr/bin/cmake /home/aitec-jetson/slam_ws/src/fast_lio -DAMENT_CMAKE_SYMLINK_INSTALL=1 -DCMAKE_INSTALL_PREFIX=/home/aitec-jetson/slam_ws/install/fast_lio
[8.129s] Invoking command in '/home/aitec-jetson/slam_ws/build/fast_lio': CMAKE_PREFIX_PATH=${CMAKE_PREFIX_PATH}:/opt/ros/humble /usr/bin/cmake --build /home/aitec-jetson/slam_ws/build/fast_lio -- -j8 -l8
[8.223s] [  2%] [34m[1mGenerating C code for ROS interfaces[0m
[8.238s] [  5%] [34m[1mGenerating C++ code for ROS interfaces[0m
[8.255s] [  5%] Built target ament_cmake_python_symlink_fast_lio
[8.695s] running egg_info
[8.696s] creating fast_lio.egg-info
[8.696s] writing fast_lio.egg-info/PKG-INFO
[8.697s] writing dependency_links to fast_lio.egg-info/dependency_links.txt
[8.697s] writing top-level names to fast_lio.egg-info/top_level.txt
[8.697s] writing manifest file 'fast_lio.egg-info/SOURCES.txt'
[8.701s] reading manifest file 'fast_lio.egg-info/SOURCES.txt'
[8.702s] writing manifest file 'fast_lio.egg-info/SOURCES.txt'
[8.779s] [  5%] Built target fast_lio__cpp
[8.779s] [  5%] Built target ament_cmake_python_build_fast_lio_egg
[8.782s] [  8%] [32mBuilding C object CMakeFiles/fast_lio__rosidl_generator_c.dir/rosidl_generator_c/fast_lio/msg/detail/pose6_d__functions.c.o[0m
[8.797s] [ 17%] [34m[1mGenerating C++ introspection for ROS interfaces[0m
[8.797s] [ 17%] [34m[1mGenerating C++ type support for eProsima Fast-RTPS[0m
[8.798s] [ 17%] [34m[1mGenerating C++ type support dispatch for ROS interfaces[0m
[8.991s] [ 20%] [32m[1mLinking C shared library libfast_lio__rosidl_generator_c.so[0m
[9.046s] [ 20%] Built target fast_lio__rosidl_generator_c
[9.064s] [ 28%] [34m[1mGenerating C introspection for ROS interfaces[0m
[9.064s] [ 28%] [34m[1mGenerating C type support for eProsima Fast-RTPS[0m
[9.064s] [ 28%] [34m[1mGenerating C type support dispatch for ROS interfaces[0m
[9.296s] [ 31%] [32mBuilding CXX object CMakeFiles/fast_lio__rosidl_typesupport_cpp.dir/rosidl_typesupport_cpp/fast_lio/msg/pose6_d__type_support.cpp.o[0m
[9.334s] [ 34%] [32mBuilding CXX object CMakeFiles/fast_lio__rosidl_typesupport_introspection_cpp.dir/rosidl_typesupport_introspection_cpp/fast_lio/msg/detail/pose6_d__type_support.cpp.o[0m
[9.347s] [ 37%] [32mBuilding CXX object CMakeFiles/fast_lio__rosidl_typesupport_fastrtps_cpp.dir/rosidl_typesupport_fastrtps_cpp/fast_lio/msg/detail/dds_fastrtps/pose6_d__type_support.cpp.o[0m
[9.571s] [ 40%] [32mBuilding CXX object CMakeFiles/fast_lio__rosidl_typesupport_c.dir/rosidl_typesupport_c/fast_lio/msg/pose6_d__type_support.cpp.o[0m
[9.624s] [ 42%] [32mBuilding C object CMakeFiles/fast_lio__rosidl_typesupport_introspection_c.dir/rosidl_typesupport_introspection_c/fast_lio/msg/detail/pose6_d__type_support.c.o[0m
[9.656s] [ 45%] [32m[1mLinking CXX shared library libfast_lio__rosidl_typesupport_c.so[0m
[9.685s] [ 48%] [32mBuilding CXX object CMakeFiles/fast_lio__rosidl_typesupport_fastrtps_c.dir/rosidl_typesupport_fastrtps_c/fast_lio/msg/detail/pose6_d__type_support_c.cpp.o[0m
[9.736s] [ 48%] Built target fast_lio__rosidl_typesupport_c
[9.750s] [ 51%] [32m[1mLinking C shared library libfast_lio__rosidl_typesupport_introspection_c.so[0m
[9.812s] [ 51%] Built target fast_lio__rosidl_typesupport_introspection_c
[9.829s] [ 54%] [32m[1mLinking CXX shared library libfast_lio__rosidl_typesupport_cpp.so[0m
[9.907s] [ 54%] Built target fast_lio__rosidl_typesupport_cpp
[9.949s] [ 62%] [32mBuilding CXX object CMakeFiles/fastlio_mapping.dir/src/preprocess.cpp.o[0m
[9.949s] [ 62%] [32mBuilding CXX object CMakeFiles/fastlio_mapping.dir/include/ikd-Tree/ikd_Tree.cpp.o[0m
[9.949s] [ 62%] [32mBuilding CXX object CMakeFiles/fastlio_mapping.dir/src/laserMapping.cpp.o[0m
[10.145s] [ 68%] [32m[1mLinking CXX shared library libfast_lio__rosidl_typesupport_fastrtps_cpp.so[0m
[10.145s] [ 68%] [32m[1mLinking CXX shared library libfast_lio__rosidl_typesupport_introspection_cpp.so[0m
[10.227s] [ 68%] Built target fast_lio__rosidl_typesupport_introspection_cpp
[10.291s] [ 68%] Built target fast_lio__rosidl_typesupport_fastrtps_cpp
[10.350s] [ 71%] [32m[1mLinking CXX shared library libfast_lio__rosidl_typesupport_fastrtps_c.so[0m
[10.492s] [ 71%] Built target fast_lio__rosidl_typesupport_fastrtps_c
[10.527s] [ 71%] Built target fast_lio
[10.565s] [ 74%] [34m[1mGenerating Python code for ROS interfaces[0m
[11.393s] [ 74%] Built target fast_lio__py
[11.428s] [ 77%] [32mBuilding C object CMakeFiles/fast_lio__rosidl_generator_py.dir/rosidl_generator_py/fast_lio/msg/_pose6_d_s.c.o[0m
[11.694s] [ 80%] [32m[1mLinking C shared library rosidl_generator_py/fast_lio/libfast_lio__rosidl_generator_py.so[0m
[11.762s] [ 80%] Built target fast_lio__rosidl_generator_py
[11.799s] [ 82%] [32mBuilding C object CMakeFiles/fast_lio__rosidl_typesupport_c__pyext.dir/rosidl_generator_py/fast_lio/_fast_lio_s.ep.rosidl_typesupport_c.c.o[0m
[11.802s] [ 88%] [32mBuilding C object CMakeFiles/fast_lio__rosidl_typesupport_introspection_c__pyext.dir/rosidl_generator_py/fast_lio/_fast_lio_s.ep.rosidl_typesupport_introspection_c.c.o[0m
[11.802s] [ 88%] [32mBuilding C object CMakeFiles/fast_lio__rosidl_typesupport_fastrtps_c__pyext.dir/rosidl_generator_py/fast_lio/_fast_lio_s.ep.rosidl_typesupport_fastrtps_c.c.o[0m
[12.018s] [ 91%] [32m[1mLinking C shared library rosidl_generator_py/fast_lio/fast_lio_s__rosidl_typesupport_introspection_c.cpython-310-aarch64-linux-gnu.so[0m
[12.035s] [ 94%] [32m[1mLinking C shared library rosidl_generator_py/fast_lio/fast_lio_s__rosidl_typesupport_c.cpython-310-aarch64-linux-gnu.so[0m
[12.049s] [ 97%] [32m[1mLinking C shared library rosidl_generator_py/fast_lio/fast_lio_s__rosidl_typesupport_fastrtps_c.cpython-310-aarch64-linux-gnu.so[0m
[12.093s] [ 97%] Built target fast_lio__rosidl_typesupport_introspection_c__pyext
[12.100s] [ 97%] Built target fast_lio__rosidl_typesupport_c__pyext
[12.121s] [ 97%] Built target fast_lio__rosidl_typesupport_fastrtps_c__pyext
[22.004s] In file included from [01m[K/usr/include/boost/smart_ptr/detail/sp_thread_sleep.hpp:22[m[K,
[22.005s]                  from [01m[K/usr/include/boost/smart_ptr/detail/yield_k.hpp:23[m[K,
[22.005s]                  from [01m[K/usr/include/boost/smart_ptr/detail/spinlock_gcc_atomic.hpp:14[m[K,
[22.005s]                  from [01m[K/usr/include/boost/smart_ptr/detail/spinlock.hpp:42[m[K,
[22.005s]                  from [01m[K/usr/include/boost/smart_ptr/detail/spinlock_pool.hpp:25[m[K,
[22.005s]                  from [01m[K/usr/include/boost/smart_ptr/shared_ptr.hpp:29[m[K,
[22.005s]                  from [01m[K/usr/include/boost/shared_ptr.hpp:17[m[K,
[22.005s]                  from [01m[K/usr/include/boost/date_time/microsec_time_clock.hpp:18[m[K,
[22.005s]                  from [01m[K/usr/include/boost/interprocess/detail/posix_time_types_wrk.hpp:31[m[K,
[22.005s]                  from [01m[K/usr/include/boost/interprocess/detail/os_thread_functions.hpp:36[m[K,
[22.005s]                  from [01m[K/usr/include/boost/interprocess/sync/file_lock.hpp:26[m[K,
[22.005s]                  from [01m[K/usr/include/pcl-1.12/pcl/io/pcd_io.h:46[m[K,
[22.006s]                  from [01m[K/opt/ros/humble/include/pcl_conversions/pcl_conversions/pcl_conversions.h:73[m[K,
[22.006s]                  from [01m[K/home/aitec-jetson/slam_ws/src/fast_lio/src/IMU_Processing.hpp:18[m[K,
[22.006s]                  from [01m[K/home/aitec-jetson/slam_ws/src/fast_lio/src/laserMapping.cpp:47[m[K:
[22.006s] [01m[K/usr/include/boost/bind.hpp:36:1:[m[K [01;36m[Knote: [m[K‘[01m[K#pragma message: The practice of declaring the Bind placeholders (_1, _2, ...) in the global namespace is deprecated. Please use <boost/bind/bind.hpp> + using namespace boost::placeholders, or define BOOST_BIND_GLOBAL_PLACEHOLDERS to retain the current behavior.[m[K’
[22.006s]    36 | [01;36m[KBOOST_PRAGMA_MESSAGE[m[K(
[22.006s]       | [01;36m[K^~~~~~~~~~~~~~~~~~~~[m[K
[33.376s] In file included from [01m[K/home/aitec-jetson/slam_ws/src/fast_lio/include/IKFoM_toolkit/esekfom/../mtk/types/SOn.hpp:83[m[K,
[33.376s]                  from [01m[K/home/aitec-jetson/slam_ws/src/fast_lio/include/IKFoM_toolkit/esekfom/esekfom.hpp:49[m[K,
[33.376s]                  from [01m[K/home/aitec-jetson/slam_ws/src/fast_lio/include/use-ikfom.hpp:4[m[K,
[33.376s]                  from [01m[K/home/aitec-jetson/slam_ws/src/fast_lio/src/IMU_Processing.hpp:22[m[K,
[33.376s]                  from [01m[K/home/aitec-jetson/slam_ws/src/fast_lio/src/laserMapping.cpp:47[m[K:
[33.376s] /home/aitec-jetson/slam_ws/src/fast_lio/include/IKFoM_toolkit/esekfom/../mtk/types/../src/mtkmath.hpp: In instantiation of ‘[01m[Kstd::pair<_FIter, _FIter> MTK::cos_sinc_sqrt(const scalar&) [with scalar = double][m[K’:
[33.377s] [01m[K/home/aitec-jetson/slam_ws/src/fast_lio/include/IKFoM_toolkit/esekfom/../mtk/types/../src/mtkmath.hpp:252:52:[m[K   required from ‘[01m[Kscalar MTK::exp(MTK::vectview<scalar, dim>, MTK::vectview<const scalar, dim>, const scalar&) [with scalar = double; int n = 3][m[K’
[33.377s] [01m[K/home/aitec-jetson/slam_ws/src/fast_lio/include/IKFoM_toolkit/esekfom/../mtk/types/S2.hpp:140:32:[m[K   required from ‘[01m[Kvoid MTK::S2<_scalar, den, num, S2_typ>::boxplus(MTK::vectview<const _scalar, 2>, MTK::S2<_scalar, den, num, S2_typ>::scalar) [with _scalar = double; int den = 98090; int num = 10000; int S2_typ = 1; MTK::S2<_scalar, den, num, S2_typ>::scalar = double][m[K’
[33.377s] [01m[K/home/aitec-jetson/slam_ws/src/fast_lio/include/use-ikfom.hpp:12:1:[m[K   required from here
[33.377s] [01m[K/home/aitec-jetson/slam_ws/src/fast_lio/include/IKFoM_toolkit/esekfom/../mtk/types/../src/mtkmath.hpp:143:27:[m[K [01;36m[Knote: [m[Kparameter passing for argument of type ‘[01m[Kstd::pair<double, double>[m[K’ when C++17 is enabled changed to match C++14 ]8;;https://gcc.gnu.org/gcc-10/changes.html#empty_basein GCC 10.1]8;;
[33.377s]   143 | std::pair<scalar, scalar> [01;36m[Kcos_sinc_sqrt[m[K(const scalar &x2){
[33.377s]       |                           [01;36m[K^~~~~~~~~~~~~[m[K
[146.274s] [100%] [32m[1mLinking CXX executable fastlio_mapping[0m
[148.965s] [100%] Built target fastlio_mapping
[149.002s] Invoked command in '/home/aitec-jetson/slam_ws/build/fast_lio' returned '0': CMAKE_PREFIX_PATH=${CMAKE_PREFIX_PATH}:/opt/ros/humble /usr/bin/cmake --build /home/aitec-jetson/slam_ws/build/fast_lio -- -j8 -l8
[149.027s] Invoking command in '/home/aitec-jetson/slam_ws/build/fast_lio': CMAKE_PREFIX_PATH=${CMAKE_PREFIX_PATH}:/opt/ros/humble /usr/bin/cmake --install /home/aitec-jetson/slam_ws/build/fast_lio
[149.043s] -- Install configuration: "Release"
[149.044s] -- Execute custom install script
[149.044s] -- Symlinking: /home/aitec-jetson/slam_ws/install/fast_lio/share/ament_index/resource_index/rosidl_interfaces/fast_lio
[149.062s] -- Symlinking: /home/aitec-jetson/slam_ws/install/fast_lio/include/fast_lio/fast_lio/msg/detail/pose6_d__functions.h
[149.079s] -- Symlinking: /home/aitec-jetson/slam_ws/install/fast_lio/include/fast_lio/fast_lio/msg/detail/pose6_d__struct.h
[149.097s] -- Symlinking: /home/aitec-jetson/slam_ws/install/fast_lio/include/fast_lio/fast_lio/msg/detail/pose6_d__type_support.h
[149.114s] -- Symlinking: /home/aitec-jetson/slam_ws/install/fast_lio/include/fast_lio/fast_lio/msg/pose6_d.h
[149.132s] -- Symlinking: /home/aitec-jetson/slam_ws/install/fast_lio/include/fast_lio/fast_lio/msg/rosidl_generator_c__visibility_control.h
[149.151s] -- Symlinking: /home/aitec-jetson/slam_ws/install/fast_lio/share/fast_lio/environment/library_path.sh
[149.168s] -- Symlinking: /home/aitec-jetson/slam_ws/install/fast_lio/share/fast_lio/environment/library_path.dsv
[149.186s] -- Symlinking: /home/aitec-jetson/slam_ws/install/fast_lio/include/fast_lio/fast_lio/msg/detail/pose6_d__rosidl_typesupport_fastrtps_c.h
[149.203s] -- Symlinking: /home/aitec-jetson/slam_ws/install/fast_lio/include/fast_lio/fast_lio/msg/rosidl_typesupport_fastrtps_c__visibility_control.h
[149.223s] -- Symlinking: /home/aitec-jetson/slam_ws/install/fast_lio/include/fast_lio/fast_lio/msg/detail/pose6_d__builder.hpp
[149.241s] -- Symlinking: /home/aitec-jetson/slam_ws/install/fast_lio/include/fast_lio/fast_lio/msg/detail/pose6_d__struct.hpp
[149.257s] -- Symlinking: /home/aitec-jetson/slam_ws/install/fast_lio/include/fast_lio/fast_lio/msg/detail/pose6_d__traits.hpp
[149.276s] -- Symlinking: /home/aitec-jetson/slam_ws/install/fast_lio/include/fast_lio/fast_lio/msg/detail/pose6_d__type_support.hpp
[149.322s] -- Symlinking: /home/aitec-jetson/slam_ws/install/fast_lio/include/fast_lio/fast_lio/msg/pose6_d.hpp
[149.339s] -- Symlinking: /home/aitec-jetson/slam_ws/install/fast_lio/include/fast_lio/fast_lio/msg/rosidl_generator_cpp__visibility_control.hpp
[149.359s] -- Symlinking: /home/aitec-jetson/slam_ws/install/fast_lio/include/fast_lio/fast_lio/msg/detail/pose6_d__rosidl_typesupport_fastrtps_cpp.hpp
[149.376s] -- Symlinking: /home/aitec-jetson/slam_ws/install/fast_lio/include/fast_lio/fast_lio/msg/rosidl_typesupport_fastrtps_cpp__visibility_control.h
[149.394s] -- Symlinking: /home/aitec-jetson/slam_ws/install/fast_lio/include/fast_lio/fast_lio/msg/detail/pose6_d__rosidl_typesupport_introspection_c.h
[149.412s] -- Symlinking: /home/aitec-jetson/slam_ws/install/fast_lio/include/fast_lio/fast_lio/msg/rosidl_typesupport_introspection_c__visibility_control.h
[149.430s] -- Symlinking: /home/aitec-jetson/slam_ws/install/fast_lio/include/fast_lio/fast_lio/msg/detail/pose6_d__rosidl_typesupport_introspection_cpp.hpp
[149.449s] -- Symlinking: /home/aitec-jetson/slam_ws/install/fast_lio/share/fast_lio/environment/pythonpath.sh
[149.466s] -- Symlinking: /home/aitec-jetson/slam_ws/install/fast_lio/share/fast_lio/environment/pythonpath.dsv
[149.485s] -- Symlinking: /home/aitec-jetson/slam_ws/install/fast_lio/local/lib/python3.10/dist-packages/fast_lio-0.0.0-py3.10.egg-info/PKG-INFO
[149.502s] -- Symlinking: /home/aitec-jetson/slam_ws/install/fast_lio/local/lib/python3.10/dist-packages/fast_lio-0.0.0-py3.10.egg-info/SOURCES.txt
[149.520s] -- Symlinking: /home/aitec-jetson/slam_ws/install/fast_lio/local/lib/python3.10/dist-packages/fast_lio-0.0.0-py3.10.egg-info/dependency_links.txt
[149.539s] -- Symlinking: /home/aitec-jetson/slam_ws/install/fast_lio/local/lib/python3.10/dist-packages/fast_lio-0.0.0-py3.10.egg-info/top_level.txt
[149.559s] -- Symlinking: /home/aitec-jetson/slam_ws/install/fast_lio/local/lib/python3.10/dist-packages/fast_lio/__init__.py
[149.577s] -- Symlinking: /home/aitec-jetson/slam_ws/install/fast_lio/local/lib/python3.10/dist-packages/fast_lio/_fast_lio_s.ep.rosidl_typesupport_c.c
[149.596s] -- Symlinking: /home/aitec-jetson/slam_ws/install/fast_lio/local/lib/python3.10/dist-packages/fast_lio/_fast_lio_s.ep.rosidl_typesupport_fastrtps_c.c
[149.612s] -- Symlinking: /home/aitec-jetson/slam_ws/install/fast_lio/local/lib/python3.10/dist-packages/fast_lio/_fast_lio_s.ep.rosidl_typesupport_introspection_c.c
[149.630s] -- Symlinking: /home/aitec-jetson/slam_ws/install/fast_lio/local/lib/python3.10/dist-packages/fast_lio/fast_lio_s__rosidl_typesupport_c.cpython-310-aarch64-linux-gnu.so
[149.649s] -- Symlinking: /home/aitec-jetson/slam_ws/install/fast_lio/local/lib/python3.10/dist-packages/fast_lio/fast_lio_s__rosidl_typesupport_fastrtps_c.cpython-310-aarch64-linux-gnu.so
[149.668s] -- Symlinking: /home/aitec-jetson/slam_ws/install/fast_lio/local/lib/python3.10/dist-packages/fast_lio/fast_lio_s__rosidl_typesupport_introspection_c.cpython-310-aarch64-linux-gnu.so
[149.685s] -- Symlinking: /home/aitec-jetson/slam_ws/install/fast_lio/local/lib/python3.10/dist-packages/fast_lio/libfast_lio__rosidl_generator_py.so
[149.703s] -- Symlinking: /home/aitec-jetson/slam_ws/install/fast_lio/local/lib/python3.10/dist-packages/fast_lio/msg/__init__.py
[149.720s] -- Symlinking: /home/aitec-jetson/slam_ws/install/fast_lio/local/lib/python3.10/dist-packages/fast_lio/msg/_pose6_d.py
[149.737s] -- Symlinking: /home/aitec-jetson/slam_ws/install/fast_lio/local/lib/python3.10/dist-packages/fast_lio/msg/_pose6_d_s.c
[149.756s] -- Up-to-date symlink: /home/aitec-jetson/slam_ws/install/fast_lio/local/lib/python3.10/dist-packages/fast_lio/fast_lio_s__rosidl_typesupport_fastrtps_c.cpython-310-aarch64-linux-gnu.so
[149.757s] -- Up-to-date symlink: /home/aitec-jetson/slam_ws/install/fast_lio/local/lib/python3.10/dist-packages/fast_lio/fast_lio_s__rosidl_typesupport_introspection_c.cpython-310-aarch64-linux-gnu.so
[149.757s] -- Up-to-date symlink: /home/aitec-jetson/slam_ws/install/fast_lio/local/lib/python3.10/dist-packages/fast_lio/fast_lio_s__rosidl_typesupport_c.cpython-310-aarch64-linux-gnu.so
[149.758s] -- Symlinking: /home/aitec-jetson/slam_ws/install/fast_lio/share/fast_lio/msg/Pose6D.idl
[149.778s] -- Symlinking: /home/aitec-jetson/slam_ws/install/fast_lio/share/fast_lio/msg/Pose6D.msg
[149.799s] -- Symlinking: /home/aitec-jetson/slam_ws/install/fast_lio/lib/fast_lio/fastlio_mapping
[149.827s] -- Symlinking: /home/aitec-jetson/slam_ws/install/fast_lio/share/fast_lio/config/avia.yaml
[149.848s] -- Symlinking: /home/aitec-jetson/slam_ws/install/fast_lio/share/fast_lio/config/horizon.yaml
[149.867s] -- Symlinking: /home/aitec-jetson/slam_ws/install/fast_lio/share/fast_lio/config/mid360.yaml
[149.885s] -- Symlinking: /home/aitec-jetson/slam_ws/install/fast_lio/share/fast_lio/config/ouster64.yaml
[149.902s] -- Symlinking: /home/aitec-jetson/slam_ws/install/fast_lio/share/fast_lio/config/velodyne.yaml
[149.921s] -- Symlinking: /home/aitec-jetson/slam_ws/install/fast_lio/share/fast_lio/launch/gdb_debug_example.launch
[149.939s] -- Symlinking: /home/aitec-jetson/slam_ws/install/fast_lio/share/fast_lio/launch/mapping.launch.py
[149.957s] -- Symlinking: /home/aitec-jetson/slam_ws/install/fast_lio/share/fast_lio/rviz/fastlio.rviz
[149.975s] -- Symlinking: /home/aitec-jetson/slam_ws/install/fast_lio/share/ament_index/resource_index/package_run_dependencies/fast_lio
[149.997s] -- Symlinking: /home/aitec-jetson/slam_ws/install/fast_lio/share/ament_index/resource_index/parent_prefix_path/fast_lio
[150.015s] -- Symlinking: /home/aitec-jetson/slam_ws/install/fast_lio/share/fast_lio/environment/ament_prefix_path.sh
[150.032s] -- Symlinking: /home/aitec-jetson/slam_ws/install/fast_lio/share/fast_lio/environment/ament_prefix_path.dsv
[150.049s] -- Symlinking: /home/aitec-jetson/slam_ws/install/fast_lio/share/fast_lio/environment/path.sh
[150.066s] -- Symlinking: /home/aitec-jetson/slam_ws/install/fast_lio/share/fast_lio/environment/path.dsv
[150.084s] -- Symlinking: /home/aitec-jetson/slam_ws/install/fast_lio/share/fast_lio/local_setup.bash
[150.102s] -- Symlinking: /home/aitec-jetson/slam_ws/install/fast_lio/share/fast_lio/local_setup.sh
[150.118s] -- Symlinking: /home/aitec-jetson/slam_ws/install/fast_lio/share/fast_lio/local_setup.zsh
[150.135s] -- Symlinking: /home/aitec-jetson/slam_ws/install/fast_lio/share/fast_lio/local_setup.dsv
[150.152s] -- Symlinking: /home/aitec-jetson/slam_ws/install/fast_lio/share/fast_lio/package.dsv
[150.171s] -- Symlinking: /home/aitec-jetson/slam_ws/install/fast_lio/share/ament_index/resource_index/packages/fast_lio
[150.188s] -- Symlinking: /home/aitec-jetson/slam_ws/install/fast_lio/share/fast_lio/cmake/rosidl_cmake-extras.cmake
[150.206s] -- Symlinking: /home/aitec-jetson/slam_ws/install/fast_lio/share/fast_lio/cmake/ament_cmake_export_include_directories-extras.cmake
[150.225s] -- Symlinking: /home/aitec-jetson/slam_ws/install/fast_lio/share/fast_lio/cmake/ament_cmake_export_libraries-extras.cmake
[150.244s] -- Symlinking: /home/aitec-jetson/slam_ws/install/fast_lio/share/fast_lio/cmake/ament_cmake_export_targets-extras.cmake
[150.262s] -- Symlinking: /home/aitec-jetson/slam_ws/install/fast_lio/share/fast_lio/cmake/rosidl_cmake_export_typesupport_targets-extras.cmake
[150.278s] -- Symlinking: /home/aitec-jetson/slam_ws/install/fast_lio/share/fast_lio/cmake/ament_cmake_export_dependencies-extras.cmake
[150.295s] -- Symlinking: /home/aitec-jetson/slam_ws/install/fast_lio/share/fast_lio/cmake/rosidl_cmake_export_typesupport_libraries-extras.cmake
[150.311s] -- Symlinking: /home/aitec-jetson/slam_ws/install/fast_lio/share/fast_lio/cmake/fast_lioConfig.cmake
[150.326s] -- Symlinking: /home/aitec-jetson/slam_ws/install/fast_lio/share/fast_lio/cmake/fast_lioConfig-version.cmake
[150.343s] -- Symlinking: /home/aitec-jetson/slam_ws/install/fast_lio/share/fast_lio/package.xml
[150.359s] -- Installing: /home/aitec-jetson/slam_ws/install/fast_lio/lib/libfast_lio__rosidl_generator_c.so
[150.360s] -- Set runtime path of "/home/aitec-jetson/slam_ws/install/fast_lio/lib/libfast_lio__rosidl_generator_c.so" to ""
[150.360s] -- Installing: /home/aitec-jetson/slam_ws/install/fast_lio/lib/libfast_lio__rosidl_typesupport_fastrtps_c.so
[150.360s] -- Set runtime path of "/home/aitec-jetson/slam_ws/install/fast_lio/lib/libfast_lio__rosidl_typesupport_fastrtps_c.so" to ""
[150.361s] -- Installing: /home/aitec-jetson/slam_ws/install/fast_lio/lib/libfast_lio__rosidl_typesupport_fastrtps_cpp.so
[150.361s] -- Set runtime path of "/home/aitec-jetson/slam_ws/install/fast_lio/lib/libfast_lio__rosidl_typesupport_fastrtps_cpp.so" to ""
[150.361s] -- Installing: /home/aitec-jetson/slam_ws/install/fast_lio/lib/libfast_lio__rosidl_typesupport_introspection_c.so
[150.362s] -- Set runtime path of "/home/aitec-jetson/slam_ws/install/fast_lio/lib/libfast_lio__rosidl_typesupport_introspection_c.so" to ""
[150.362s] -- Installing: /home/aitec-jetson/slam_ws/install/fast_lio/lib/libfast_lio__rosidl_typesupport_c.so
[150.362s] -- Set runtime path of "/home/aitec-jetson/slam_ws/install/fast_lio/lib/libfast_lio__rosidl_typesupport_c.so" to ""
[150.363s] -- Installing: /home/aitec-jetson/slam_ws/install/fast_lio/lib/libfast_lio__rosidl_typesupport_introspection_cpp.so
[150.363s] -- Set runtime path of "/home/aitec-jetson/slam_ws/install/fast_lio/lib/libfast_lio__rosidl_typesupport_introspection_cpp.so" to ""
[150.363s] -- Installing: /home/aitec-jetson/slam_ws/install/fast_lio/lib/libfast_lio__rosidl_typesupport_cpp.so
[150.364s] -- Set runtime path of "/home/aitec-jetson/slam_ws/install/fast_lio/lib/libfast_lio__rosidl_typesupport_cpp.so" to ""
[150.430s] Listing '/home/aitec-jetson/slam_ws/install/fast_lio/local/lib/python3.10/dist-packages/fast_lio'...
[150.430s] Compiling '/home/aitec-jetson/slam_ws/install/fast_lio/local/lib/python3.10/dist-packages/fast_lio/__init__.py'...
[150.431s] Listing '/home/aitec-jetson/slam_ws/install/fast_lio/local/lib/python3.10/dist-packages/fast_lio/msg'...
[150.431s] Compiling '/home/aitec-jetson/slam_ws/install/fast_lio/local/lib/python3.10/dist-packages/fast_lio/msg/__init__.py'...
[150.431s] Compiling '/home/aitec-jetson/slam_ws/install/fast_lio/local/lib/python3.10/dist-packages/fast_lio/msg/_pose6_d.py'...
[150.440s] -- Installing: /home/aitec-jetson/slam_ws/install/fast_lio/lib/libfast_lio__rosidl_generator_py.so
[150.441s] -- Set runtime path of "/home/aitec-jetson/slam_ws/install/fast_lio/lib/libfast_lio__rosidl_generator_py.so" to ""
[150.441s] -- Installing: /home/aitec-jetson/slam_ws/install/fast_lio/share/fast_lio/cmake/export_fast_lio__rosidl_generator_cExport.cmake
[150.441s] -- Installing: /home/aitec-jetson/slam_ws/install/fast_lio/share/fast_lio/cmake/export_fast_lio__rosidl_generator_cExport-release.cmake
[150.441s] -- Installing: /home/aitec-jetson/slam_ws/install/fast_lio/share/fast_lio/cmake/export_fast_lio__rosidl_typesupport_fastrtps_cExport.cmake
[150.441s] -- Installing: /home/aitec-jetson/slam_ws/install/fast_lio/share/fast_lio/cmake/export_fast_lio__rosidl_typesupport_fastrtps_cExport-release.cmake
[150.442s] -- Installing: /home/aitec-jetson/slam_ws/install/fast_lio/share/fast_lio/cmake/export_fast_lio__rosidl_generator_cppExport.cmake
[150.442s] -- Installing: /home/aitec-jetson/slam_ws/install/fast_lio/share/fast_lio/cmake/export_fast_lio__rosidl_typesupport_fastrtps_cppExport.cmake
[150.443s] -- Installing: /home/aitec-jetson/slam_ws/install/fast_lio/share/fast_lio/cmake/export_fast_lio__rosidl_typesupport_fastrtps_cppExport-release.cmake
[150.443s] -- Installing: /home/aitec-jetson/slam_ws/install/fast_lio/share/fast_lio/cmake/fast_lio__rosidl_typesupport_introspection_cExport.cmake
[150.444s] -- Installing: /home/aitec-jetson/slam_ws/install/fast_lio/share/fast_lio/cmake/fast_lio__rosidl_typesupport_introspection_cExport-release.cmake
[150.444s] -- Installing: /home/aitec-jetson/slam_ws/install/fast_lio/share/fast_lio/cmake/fast_lio__rosidl_typesupport_cExport.cmake
[150.445s] -- Installing: /home/aitec-jetson/slam_ws/install/fast_lio/share/fast_lio/cmake/fast_lio__rosidl_typesupport_cExport-release.cmake
[150.445s] -- Installing: /home/aitec-jetson/slam_ws/install/fast_lio/share/fast_lio/cmake/fast_lio__rosidl_typesupport_introspection_cppExport.cmake
[150.446s] -- Installing: /home/aitec-jetson/slam_ws/install/fast_lio/share/fast_lio/cmake/fast_lio__rosidl_typesupport_introspection_cppExport-release.cmake
[150.446s] -- Installing: /home/aitec-jetson/slam_ws/install/fast_lio/share/fast_lio/cmake/fast_lio__rosidl_typesupport_cppExport.cmake
[150.447s] -- Installing: /home/aitec-jetson/slam_ws/install/fast_lio/share/fast_lio/cmake/fast_lio__rosidl_typesupport_cppExport-release.cmake
[150.447s] -- Installing: /home/aitec-jetson/slam_ws/install/fast_lio/share/fast_lio/cmake/export_fast_lio__rosidl_generator_pyExport.cmake
[150.448s] -- Installing: /home/aitec-jetson/slam_ws/install/fast_lio/share/fast_lio/cmake/export_fast_lio__rosidl_generator_pyExport-release.cmake
[150.455s] Invoked command in '/home/aitec-jetson/slam_ws/build/fast_lio' returned '0': CMAKE_PREFIX_PATH=${CMAKE_PREFIX_PATH}:/opt/ros/humble /usr/bin/cmake --install /home/aitec-jetson/slam_ws/build/fast_lio
