[1.168s] Invoking command in '/home/aitec-jetson/slam_ws/build/livox_carto': PYTHONPATH=/home/aitec-jetson/slam_ws/build/livox_carto/prefix_override:/usr/lib/python3/dist-packages/colcon_core/task/python/colcon_distutils_commands:/home/aitec-jetson/slam_ws/install/livox_carto/lib/python3.10/site-packages:${PYTHONPATH} /usr/bin/python3 -W ignore:setup.py install is deprecated -W ignore:easy_install command is deprecated setup.py develop --editable --build-directory /home/aitec-jetson/slam_ws/build/livox_carto/build --no-deps symlink_data
[1.624s] running develop
[1.890s] running egg_info
[1.890s] creating livox_carto.egg-info
[1.890s] writing livox_carto.egg-info/PKG-INFO
[1.890s] writing dependency_links to livox_carto.egg-info/dependency_links.txt
[1.890s] writing requirements to livox_carto.egg-info/requires.txt
[1.891s] writing top-level names to livox_carto.egg-info/top_level.txt
[1.891s] writing manifest file 'livox_carto.egg-info/SOURCES.txt'
[1.892s] reading manifest file 'livox_carto.egg-info/SOURCES.txt'
[1.893s] writing manifest file 'livox_carto.egg-info/SOURCES.txt'
[1.896s] running build_ext
[1.897s] Creating /home/aitec-jetson/slam_ws/install/livox_carto/lib/python3.10/site-packages/livox-carto.egg-link (link to .)
[1.899s] 
[1.899s] Installed /home/aitec-jetson/slam_ws/build/livox_carto
[1.899s] running symlink_data
[1.899s] creating /home/aitec-jetson/slam_ws/install/livox_carto/share/ament_index
[1.899s] creating /home/aitec-jetson/slam_ws/install/livox_carto/share/ament_index/resource_index
[1.899s] creating /home/aitec-jetson/slam_ws/install/livox_carto/share/ament_index/resource_index/packages
[1.900s] symbolically linking /home/aitec-jetson/slam_ws/build/livox_carto/resource/livox_carto -> /home/aitec-jetson/slam_ws/install/livox_carto/share/ament_index/resource_index/packages
[1.900s] symbolically linking /home/aitec-jetson/slam_ws/build/livox_carto/package.xml -> /home/aitec-jetson/slam_ws/install/livox_carto/share/livox_carto
[1.900s] creating /home/aitec-jetson/slam_ws/install/livox_carto/share/livox_carto/launch
[1.900s] symbolically linking /home/aitec-jetson/slam_ws/build/livox_carto/launch/carto_all_in_one.launch.py -> /home/aitec-jetson/slam_ws/install/livox_carto/share/livox_carto/launch
[1.900s] creating /home/aitec-jetson/slam_ws/install/livox_carto/share/livox_carto/config
[1.900s] symbolically linking /home/aitec-jetson/slam_ws/build/livox_carto/config/carto.lua -> /home/aitec-jetson/slam_ws/install/livox_carto/share/livox_carto/config
[1.988s] Invoked command in '/home/aitec-jetson/slam_ws/build/livox_carto' returned '0': PYTHONPATH=/home/aitec-jetson/slam_ws/build/livox_carto/prefix_override:/usr/lib/python3/dist-packages/colcon_core/task/python/colcon_distutils_commands:/home/aitec-jetson/slam_ws/install/livox_carto/lib/python3.10/site-packages:${PYTHONPATH} /usr/bin/python3 -W ignore:setup.py install is deprecated -W ignore:easy_install command is deprecated setup.py develop --editable --build-directory /home/aitec-jetson/slam_ws/build/livox_carto/build --no-deps symlink_data
