[0.180s] DEBUG:colcon:Command line arguments: ['/usr/bin/colcon', 'build', '--symlink-install']
[0.180s] DEBUG:colcon:Parsed command line arguments: Namespace(log_base=None, log_level=None, verb_name='build', build_base='build', install_base='install', merge_install=False, symlink_install=True, test_result_base=None, continue_on_error=False, executor='parallel', parallel_workers=8, event_handlers=None, ignore_user_meta=False, metas=['./colcon.meta'], base_paths=['.'], packages_ignore=None, packages_ignore_regex=None, paths=None, packages_up_to=None, packages_up_to_regex=None, packages_above=None, packages_above_and_dependencies=None, packages_above_depth=None, packages_select_by_dep=None, packages_skip_by_dep=None, packages_skip_up_to=None, packages_select_build_failed=False, packages_skip_build_finished=False, packages_select_test_failures=False, packages_skip_test_passed=False, packages_select=None, packages_skip=None, packages_select_regex=None, packages_skip_regex=None, packages_start=None, packages_end=None, allow_overriding=[], cmake_args=None, cmake_target=None, cmake_target_skip_unavailable=False, cmake_clean_cache=False, cmake_clean_first=False, cmake_force_configure=False, ament_cmake_args=None, catkin_cmake_args=None, catkin_skip_building_tests=False, mixin_files=None, mixin=None, verb_parser=<colcon_mixin.mixin.mixin_argument.MixinArgumentDecorator object at 0xffff9d459720>, verb_extension=<colcon_core.verb.build.BuildVerb object at 0xffff9d55a6b0>, main=<bound method BuildVerb.main of <colcon_core.verb.build.BuildVerb object at 0xffff9d55a6b0>>, mixin_verb=('build',))
[0.473s] Level 1:colcon.colcon_core.package_discovery:discover_packages(colcon_meta) check parameters
[0.474s] Level 1:colcon.colcon_core.package_discovery:discover_packages(recursive) check parameters
[0.474s] Level 1:colcon.colcon_core.package_discovery:discover_packages(ignore) check parameters
[0.474s] Level 1:colcon.colcon_core.package_discovery:discover_packages(path) check parameters
[0.474s] Level 1:colcon.colcon_core.package_discovery:discover_packages(colcon_meta) discover
[0.474s] Level 1:colcon.colcon_core.package_discovery:discover_packages(recursive) discover
[0.474s] INFO:colcon.colcon_core.package_discovery:Crawling recursively for packages in '/home/aitec-jetson/cugo_ws'
[0.474s] Level 1:colcon.colcon_core.package_identification:_identify(.) by extensions ['ignore', 'ignore_ament_install']
[0.475s] Level 1:colcon.colcon_core.package_identification:_identify(.) by extension 'ignore'
[0.475s] Level 1:colcon.colcon_core.package_identification:_identify(.) by extension 'ignore_ament_install'
[0.475s] Level 1:colcon.colcon_core.package_identification:_identify(.) by extensions ['colcon_pkg']
[0.475s] Level 1:colcon.colcon_core.package_identification:_identify(.) by extension 'colcon_pkg'
[0.475s] Level 1:colcon.colcon_core.package_identification:_identify(.) by extensions ['colcon_meta']
[0.475s] Level 1:colcon.colcon_core.package_identification:_identify(.) by extension 'colcon_meta'
[0.475s] Level 1:colcon.colcon_core.package_identification:_identify(.) by extensions ['ros']
[0.475s] Level 1:colcon.colcon_core.package_identification:_identify(.) by extension 'ros'
[0.494s] Level 1:colcon.colcon_core.package_identification:_identify(.) by extensions ['cmake', 'python']
[0.495s] Level 1:colcon.colcon_core.package_identification:_identify(.) by extension 'cmake'
[0.495s] Level 1:colcon.colcon_core.package_identification:_identify(.) by extension 'python'
[0.495s] Level 1:colcon.colcon_core.package_identification:_identify(.) by extensions ['python_setup_py']
[0.495s] Level 1:colcon.colcon_core.package_identification:_identify(.) by extension 'python_setup_py'
[0.495s] Level 1:colcon.colcon_core.package_identification:_identify(automove) by extensions ['ignore', 'ignore_ament_install']
[0.495s] Level 1:colcon.colcon_core.package_identification:_identify(automove) by extension 'ignore'
[0.495s] Level 1:colcon.colcon_core.package_identification:_identify(automove) by extension 'ignore_ament_install'
[0.495s] Level 1:colcon.colcon_core.package_identification:_identify(automove) by extensions ['colcon_pkg']
[0.496s] Level 1:colcon.colcon_core.package_identification:_identify(automove) by extension 'colcon_pkg'
[0.496s] Level 1:colcon.colcon_core.package_identification:_identify(automove) by extensions ['colcon_meta']
[0.496s] Level 1:colcon.colcon_core.package_identification:_identify(automove) by extension 'colcon_meta'
[0.496s] Level 1:colcon.colcon_core.package_identification:_identify(automove) by extensions ['ros']
[0.496s] Level 1:colcon.colcon_core.package_identification:_identify(automove) by extension 'ros'
[0.496s] Level 1:colcon.colcon_core.package_identification:_identify(automove) by extensions ['cmake', 'python']
[0.496s] Level 1:colcon.colcon_core.package_identification:_identify(automove) by extension 'cmake'
[0.496s] Level 1:colcon.colcon_core.package_identification:_identify(automove) by extension 'python'
[0.496s] Level 1:colcon.colcon_core.package_identification:_identify(automove) by extensions ['python_setup_py']
[0.496s] Level 1:colcon.colcon_core.package_identification:_identify(automove) by extension 'python_setup_py'
[0.496s] Level 1:colcon.colcon_core.package_identification:_identify(build) by extensions ['ignore', 'ignore_ament_install']
[0.497s] Level 1:colcon.colcon_core.package_identification:_identify(build) by extension 'ignore'
[0.497s] Level 1:colcon.colcon_core.package_identification:_identify(build) ignored
[0.497s] Level 1:colcon.colcon_core.package_identification:_identify(install) by extensions ['ignore', 'ignore_ament_install']
[0.497s] Level 1:colcon.colcon_core.package_identification:_identify(install) by extension 'ignore'
[0.497s] Level 1:colcon.colcon_core.package_identification:_identify(install) ignored
[0.497s] Level 1:colcon.colcon_core.package_identification:_identify(log) by extensions ['ignore', 'ignore_ament_install']
[0.497s] Level 1:colcon.colcon_core.package_identification:_identify(log) by extension 'ignore'
[0.497s] Level 1:colcon.colcon_core.package_identification:_identify(log) ignored
[0.498s] Level 1:colcon.colcon_core.package_identification:_identify(src) by extensions ['ignore', 'ignore_ament_install']
[0.498s] Level 1:colcon.colcon_core.package_identification:_identify(src) by extension 'ignore'
[0.498s] Level 1:colcon.colcon_core.package_identification:_identify(src) by extension 'ignore_ament_install'
[0.498s] Level 1:colcon.colcon_core.package_identification:_identify(src) by extensions ['colcon_pkg']
[0.498s] Level 1:colcon.colcon_core.package_identification:_identify(src) by extension 'colcon_pkg'
[0.498s] Level 1:colcon.colcon_core.package_identification:_identify(src) by extensions ['colcon_meta']
[0.498s] Level 1:colcon.colcon_core.package_identification:_identify(src) by extension 'colcon_meta'
[0.498s] Level 1:colcon.colcon_core.package_identification:_identify(src) by extensions ['ros']
[0.498s] Level 1:colcon.colcon_core.package_identification:_identify(src) by extension 'ros'
[0.498s] Level 1:colcon.colcon_core.package_identification:_identify(src) by extensions ['cmake', 'python']
[0.498s] Level 1:colcon.colcon_core.package_identification:_identify(src) by extension 'cmake'
[0.498s] Level 1:colcon.colcon_core.package_identification:_identify(src) by extension 'python'
[0.499s] Level 1:colcon.colcon_core.package_identification:_identify(src) by extensions ['python_setup_py']
[0.499s] Level 1:colcon.colcon_core.package_identification:_identify(src) by extension 'python_setup_py'
[0.499s] Level 1:colcon.colcon_core.package_identification:_identify(src/cugo_ros2_control2) by extensions ['ignore', 'ignore_ament_install']
[0.499s] Level 1:colcon.colcon_core.package_identification:_identify(src/cugo_ros2_control2) by extension 'ignore'
[0.499s] Level 1:colcon.colcon_core.package_identification:_identify(src/cugo_ros2_control2) by extension 'ignore_ament_install'
[0.499s] Level 1:colcon.colcon_core.package_identification:_identify(src/cugo_ros2_control2) by extensions ['colcon_pkg']
[0.499s] Level 1:colcon.colcon_core.package_identification:_identify(src/cugo_ros2_control2) by extension 'colcon_pkg'
[0.499s] Level 1:colcon.colcon_core.package_identification:_identify(src/cugo_ros2_control2) by extensions ['colcon_meta']
[0.499s] Level 1:colcon.colcon_core.package_identification:_identify(src/cugo_ros2_control2) by extension 'colcon_meta'
[0.499s] Level 1:colcon.colcon_core.package_identification:_identify(src/cugo_ros2_control2) by extensions ['ros']
[0.499s] Level 1:colcon.colcon_core.package_identification:_identify(src/cugo_ros2_control2) by extension 'ros'
[0.528s] DEBUG:colcon.colcon_core.package_identification:Package 'src/cugo_ros2_control2' with type 'ros.ament_cmake' and name 'cugo_ros2_control2'
[0.529s] Level 1:colcon.colcon_core.package_identification:_identify(src/livox_ros_driver2) by extensions ['ignore', 'ignore_ament_install']
[0.529s] Level 1:colcon.colcon_core.package_identification:_identify(src/livox_ros_driver2) by extension 'ignore'
[0.529s] Level 1:colcon.colcon_core.package_identification:_identify(src/livox_ros_driver2) by extension 'ignore_ament_install'
[0.529s] Level 1:colcon.colcon_core.package_identification:_identify(src/livox_ros_driver2) by extensions ['colcon_pkg']
[0.529s] Level 1:colcon.colcon_core.package_identification:_identify(src/livox_ros_driver2) by extension 'colcon_pkg'
[0.529s] Level 1:colcon.colcon_core.package_identification:_identify(src/livox_ros_driver2) by extensions ['colcon_meta']
[0.529s] Level 1:colcon.colcon_core.package_identification:_identify(src/livox_ros_driver2) by extension 'colcon_meta'
[0.529s] Level 1:colcon.colcon_core.package_identification:_identify(src/livox_ros_driver2) by extensions ['ros']
[0.529s] Level 1:colcon.colcon_core.package_identification:_identify(src/livox_ros_driver2) by extension 'ros'
[0.530s] Level 1:colcon.colcon_core.package_identification:_identify(src/livox_ros_driver2) by extensions ['cmake', 'python']
[0.530s] Level 1:colcon.colcon_core.package_identification:_identify(src/livox_ros_driver2) by extension 'cmake'
[0.533s] Level 1:colcon.colcon_core.package_identification:_identify(src/livox_ros_driver2) by extension 'python'
[0.534s] DEBUG:colcon.colcon_core.package_identification:Package 'src/livox_ros_driver2' with type 'cmake' and name 'livox_ros_driver2'
[0.534s] Level 1:colcon.colcon_core.package_discovery:discover_packages(recursive) using defaults
[0.534s] Level 1:colcon.colcon_core.package_discovery:discover_packages(ignore) discover
[0.534s] Level 1:colcon.colcon_core.package_discovery:discover_packages(ignore) using defaults
[0.534s] Level 1:colcon.colcon_core.package_discovery:discover_packages(path) discover
[0.534s] Level 1:colcon.colcon_core.package_discovery:discover_packages(path) using defaults
[0.566s] Level 1:colcon.colcon_core.package_discovery:discover_packages(prefix_path) check parameters
[0.566s] Level 1:colcon.colcon_core.package_discovery:discover_packages(prefix_path) discover
[0.570s] DEBUG:colcon.colcon_installed_package_information.package_discovery:Found 273 installed packages in /opt/ros/humble
[0.572s] Level 1:colcon.colcon_core.package_discovery:discover_packages(prefix_path) using defaults
[0.632s] Level 5:colcon.colcon_core.verb:set package 'cugo_ros2_control2' build argument 'cmake_args' from command line to 'None'
[0.632s] Level 5:colcon.colcon_core.verb:set package 'cugo_ros2_control2' build argument 'cmake_target' from command line to 'None'
[0.632s] Level 5:colcon.colcon_core.verb:set package 'cugo_ros2_control2' build argument 'cmake_target_skip_unavailable' from command line to 'False'
[0.632s] Level 5:colcon.colcon_core.verb:set package 'cugo_ros2_control2' build argument 'cmake_clean_cache' from command line to 'False'
[0.632s] Level 5:colcon.colcon_core.verb:set package 'cugo_ros2_control2' build argument 'cmake_clean_first' from command line to 'False'
[0.632s] Level 5:colcon.colcon_core.verb:set package 'cugo_ros2_control2' build argument 'cmake_force_configure' from command line to 'False'
[0.632s] Level 5:colcon.colcon_core.verb:set package 'cugo_ros2_control2' build argument 'ament_cmake_args' from command line to 'None'
[0.632s] Level 5:colcon.colcon_core.verb:set package 'cugo_ros2_control2' build argument 'catkin_cmake_args' from command line to 'None'
[0.632s] Level 5:colcon.colcon_core.verb:set package 'cugo_ros2_control2' build argument 'catkin_skip_building_tests' from command line to 'False'
[0.632s] DEBUG:colcon.colcon_core.verb:Building package 'cugo_ros2_control2' with the following arguments: {'ament_cmake_args': None, 'build_base': '/home/aitec-jetson/cugo_ws/build/cugo_ros2_control2', 'catkin_cmake_args': None, 'catkin_skip_building_tests': False, 'cmake_args': None, 'cmake_clean_cache': False, 'cmake_clean_first': False, 'cmake_force_configure': False, 'cmake_target': None, 'cmake_target_skip_unavailable': False, 'install_base': '/home/aitec-jetson/cugo_ws/install/cugo_ros2_control2', 'merge_install': False, 'path': '/home/aitec-jetson/cugo_ws/src/cugo_ros2_control2', 'symlink_install': True, 'test_result_base': None}
[0.633s] Level 5:colcon.colcon_core.verb:set package 'livox_ros_driver2' build argument 'cmake_args' from command line to 'None'
[0.633s] Level 5:colcon.colcon_core.verb:set package 'livox_ros_driver2' build argument 'cmake_target' from command line to 'None'
[0.633s] Level 5:colcon.colcon_core.verb:set package 'livox_ros_driver2' build argument 'cmake_target_skip_unavailable' from command line to 'False'
[0.633s] Level 5:colcon.colcon_core.verb:set package 'livox_ros_driver2' build argument 'cmake_clean_cache' from command line to 'False'
[0.633s] Level 5:colcon.colcon_core.verb:set package 'livox_ros_driver2' build argument 'cmake_clean_first' from command line to 'False'
[0.633s] Level 5:colcon.colcon_core.verb:set package 'livox_ros_driver2' build argument 'cmake_force_configure' from command line to 'False'
[0.633s] Level 5:colcon.colcon_core.verb:set package 'livox_ros_driver2' build argument 'ament_cmake_args' from command line to 'None'
[0.633s] Level 5:colcon.colcon_core.verb:set package 'livox_ros_driver2' build argument 'catkin_cmake_args' from command line to 'None'
[0.633s] Level 5:colcon.colcon_core.verb:set package 'livox_ros_driver2' build argument 'catkin_skip_building_tests' from command line to 'False'
[0.633s] DEBUG:colcon.colcon_core.verb:Building package 'livox_ros_driver2' with the following arguments: {'ament_cmake_args': None, 'build_base': '/home/aitec-jetson/cugo_ws/build/livox_ros_driver2', 'catkin_cmake_args': None, 'catkin_skip_building_tests': False, 'cmake_args': None, 'cmake_clean_cache': False, 'cmake_clean_first': False, 'cmake_force_configure': False, 'cmake_target': None, 'cmake_target_skip_unavailable': False, 'install_base': '/home/aitec-jetson/cugo_ws/install/livox_ros_driver2', 'merge_install': False, 'path': '/home/aitec-jetson/cugo_ws/src/livox_ros_driver2', 'symlink_install': True, 'test_result_base': None}
[0.633s] INFO:colcon.colcon_core.executor:Executing jobs using 'parallel' executor
[0.636s] DEBUG:colcon.colcon_parallel_executor.executor.parallel:run_until_complete
[0.636s] INFO:colcon.colcon_ros.task.ament_cmake.build:Building ROS package in '/home/aitec-jetson/cugo_ws/src/cugo_ros2_control2' with build type 'ament_cmake'
[0.636s] INFO:colcon.colcon_cmake.task.cmake.build:Building CMake package in '/home/aitec-jetson/cugo_ws/src/cugo_ros2_control2'
[0.640s] INFO:colcon.colcon_core.plugin_system:Skipping extension 'colcon_core.shell.bat': Not used on non-Windows systems
[0.640s] INFO:colcon.colcon_core.shell:Skip shell extension 'powershell' for command environment: Not usable outside of PowerShell
[0.640s] DEBUG:colcon.colcon_core.shell:Skip shell extension 'dsv' for command environment
[0.645s] INFO:colcon.colcon_cmake.task.cmake.build:Building CMake package in '/home/aitec-jetson/cugo_ws/src/livox_ros_driver2'
[0.646s] INFO:colcon.colcon_core.shell:Skip shell extension 'powershell' for command environment: Not usable outside of PowerShell
[0.646s] DEBUG:colcon.colcon_core.shell:Skip shell extension 'dsv' for command environment
[0.659s] DEBUG:colcon.colcon_core.event_handler.log_command:Invoking command in '/home/aitec-jetson/cugo_ws/build/cugo_ros2_control2': CMAKE_PREFIX_PATH=/opt/ros/humble /usr/bin/cmake --build /home/aitec-jetson/cugo_ws/build/cugo_ros2_control2 -- -j8 -l8
[0.665s] DEBUG:colcon.colcon_core.event_handler.log_command:Invoking command in '/home/aitec-jetson/cugo_ws/build/livox_ros_driver2': /usr/bin/cmake /home/aitec-jetson/cugo_ws/src/livox_ros_driver2 -DCMAKE_INSTALL_PREFIX=/home/aitec-jetson/cugo_ws/install/livox_ros_driver2
[0.938s] DEBUG:colcon.colcon_core.event_handler.log_command:Invoked command in '/home/aitec-jetson/cugo_ws/build/cugo_ros2_control2' returned '0': CMAKE_PREFIX_PATH=/opt/ros/humble /usr/bin/cmake --build /home/aitec-jetson/cugo_ws/build/cugo_ros2_control2 -- -j8 -l8
[0.957s] DEBUG:colcon.colcon_core.event_handler.log_command:Invoking command in '/home/aitec-jetson/cugo_ws/build/cugo_ros2_control2': CMAKE_PREFIX_PATH=/opt/ros/humble /usr/bin/cmake --install /home/aitec-jetson/cugo_ws/build/cugo_ros2_control2
[1.002s] Level 1:colcon.colcon_core.environment:create_environment_scripts_only(cugo_ros2_control2)
[1.004s] DEBUG:colcon.colcon_core.event_handler.log_command:Invoked command in '/home/aitec-jetson/cugo_ws/build/cugo_ros2_control2' returned '0': CMAKE_PREFIX_PATH=/opt/ros/humble /usr/bin/cmake --install /home/aitec-jetson/cugo_ws/build/cugo_ros2_control2
[1.010s] Level 1:colcon.colcon_core.environment:checking '/home/aitec-jetson/cugo_ws/install/cugo_ros2_control2' for CMake module files
[1.011s] Level 1:colcon.colcon_core.environment:checking '/home/aitec-jetson/cugo_ws/install/cugo_ros2_control2' for CMake config files
[1.013s] Level 1:colcon.colcon_core.shell:create_environment_hook('cugo_ros2_control2', 'cmake_prefix_path')
[1.013s] INFO:colcon.colcon_core.shell:Creating environment hook '/home/aitec-jetson/cugo_ws/install/cugo_ros2_control2/share/cugo_ros2_control2/hook/cmake_prefix_path.ps1'
[1.016s] INFO:colcon.colcon_core.shell:Creating environment descriptor '/home/aitec-jetson/cugo_ws/install/cugo_ros2_control2/share/cugo_ros2_control2/hook/cmake_prefix_path.dsv'
[1.017s] INFO:colcon.colcon_core.shell:Creating environment hook '/home/aitec-jetson/cugo_ws/install/cugo_ros2_control2/share/cugo_ros2_control2/hook/cmake_prefix_path.sh'
[1.020s] Level 1:colcon.colcon_core.environment:checking '/home/aitec-jetson/cugo_ws/install/cugo_ros2_control2/lib'
[1.020s] Level 1:colcon.colcon_core.environment:checking '/home/aitec-jetson/cugo_ws/install/cugo_ros2_control2/bin'
[1.020s] Level 1:colcon.colcon_core.environment:checking '/home/aitec-jetson/cugo_ws/install/cugo_ros2_control2/lib/pkgconfig/cugo_ros2_control2.pc'
[1.021s] Level 1:colcon.colcon_core.environment:checking '/home/aitec-jetson/cugo_ws/install/cugo_ros2_control2/lib/python3.10/site-packages'
[1.023s] Level 1:colcon.colcon_core.environment:checking '/home/aitec-jetson/cugo_ws/install/cugo_ros2_control2/bin'
[1.023s] INFO:colcon.colcon_core.shell:Creating package script '/home/aitec-jetson/cugo_ws/install/cugo_ros2_control2/share/cugo_ros2_control2/package.ps1'
[1.025s] INFO:colcon.colcon_core.shell:Creating package descriptor '/home/aitec-jetson/cugo_ws/install/cugo_ros2_control2/share/cugo_ros2_control2/package.dsv'
[1.026s] INFO:colcon.colcon_core.shell:Creating package script '/home/aitec-jetson/cugo_ws/install/cugo_ros2_control2/share/cugo_ros2_control2/package.sh'
[1.027s] INFO:colcon.colcon_core.shell:Creating package script '/home/aitec-jetson/cugo_ws/install/cugo_ros2_control2/share/cugo_ros2_control2/package.bash'
[1.029s] INFO:colcon.colcon_core.shell:Creating package script '/home/aitec-jetson/cugo_ws/install/cugo_ros2_control2/share/cugo_ros2_control2/package.zsh'
[1.030s] Level 1:colcon.colcon_core.environment:create_file_with_runtime_dependencies(/home/aitec-jetson/cugo_ws/install/cugo_ros2_control2/share/colcon-core/packages/cugo_ros2_control2)
[1.031s] Level 1:colcon.colcon_core.environment:create_environment_scripts_only(cugo_ros2_control2)
[1.032s] Level 1:colcon.colcon_core.environment:checking '/home/aitec-jetson/cugo_ws/install/cugo_ros2_control2' for CMake module files
[1.032s] Level 1:colcon.colcon_core.environment:checking '/home/aitec-jetson/cugo_ws/install/cugo_ros2_control2' for CMake config files
[1.033s] Level 1:colcon.colcon_core.shell:create_environment_hook('cugo_ros2_control2', 'cmake_prefix_path')
[1.033s] INFO:colcon.colcon_core.shell:Creating environment hook '/home/aitec-jetson/cugo_ws/install/cugo_ros2_control2/share/cugo_ros2_control2/hook/cmake_prefix_path.ps1'
[1.035s] INFO:colcon.colcon_core.shell:Creating environment descriptor '/home/aitec-jetson/cugo_ws/install/cugo_ros2_control2/share/cugo_ros2_control2/hook/cmake_prefix_path.dsv'
[1.036s] INFO:colcon.colcon_core.shell:Creating environment hook '/home/aitec-jetson/cugo_ws/install/cugo_ros2_control2/share/cugo_ros2_control2/hook/cmake_prefix_path.sh'
[1.038s] Level 1:colcon.colcon_core.environment:checking '/home/aitec-jetson/cugo_ws/install/cugo_ros2_control2/lib'
[1.038s] Level 1:colcon.colcon_core.environment:checking '/home/aitec-jetson/cugo_ws/install/cugo_ros2_control2/bin'
[1.038s] Level 1:colcon.colcon_core.environment:checking '/home/aitec-jetson/cugo_ws/install/cugo_ros2_control2/lib/pkgconfig/cugo_ros2_control2.pc'
[1.039s] Level 1:colcon.colcon_core.environment:checking '/home/aitec-jetson/cugo_ws/install/cugo_ros2_control2/lib/python3.10/site-packages'
[1.040s] Level 1:colcon.colcon_core.environment:checking '/home/aitec-jetson/cugo_ws/install/cugo_ros2_control2/bin'
[1.041s] INFO:colcon.colcon_core.shell:Creating package script '/home/aitec-jetson/cugo_ws/install/cugo_ros2_control2/share/cugo_ros2_control2/package.ps1'
[1.042s] INFO:colcon.colcon_core.shell:Creating package descriptor '/home/aitec-jetson/cugo_ws/install/cugo_ros2_control2/share/cugo_ros2_control2/package.dsv'
[1.043s] INFO:colcon.colcon_core.shell:Creating package script '/home/aitec-jetson/cugo_ws/install/cugo_ros2_control2/share/cugo_ros2_control2/package.sh'
[1.045s] INFO:colcon.colcon_core.shell:Creating package script '/home/aitec-jetson/cugo_ws/install/cugo_ros2_control2/share/cugo_ros2_control2/package.bash'
[1.046s] INFO:colcon.colcon_core.shell:Creating package script '/home/aitec-jetson/cugo_ws/install/cugo_ros2_control2/share/cugo_ros2_control2/package.zsh'
[1.047s] Level 1:colcon.colcon_core.environment:create_file_with_runtime_dependencies(/home/aitec-jetson/cugo_ws/install/cugo_ros2_control2/share/colcon-core/packages/cugo_ros2_control2)
[5.803s] DEBUG:colcon.colcon_core.event_handler.log_command:Invoked command in '/home/aitec-jetson/cugo_ws/build/livox_ros_driver2' returned '1': /usr/bin/cmake /home/aitec-jetson/cugo_ws/src/livox_ros_driver2 -DCMAKE_INSTALL_PREFIX=/home/aitec-jetson/cugo_ws/install/livox_ros_driver2
[5.815s] DEBUG:colcon.colcon_parallel_executor.executor.parallel:closing loop
[5.816s] DEBUG:colcon.colcon_parallel_executor.executor.parallel:loop closed
[5.816s] DEBUG:colcon.colcon_parallel_executor.executor.parallel:run_until_complete finished with '1'
[5.816s] DEBUG:colcon.colcon_core.event_reactor:joining thread
[5.832s] INFO:colcon.colcon_core.plugin_system:Skipping extension 'colcon_notification.desktop_notification.terminal_notifier': Not used on non-Darwin systems
[5.832s] INFO:colcon.colcon_core.plugin_system:Skipping extension 'colcon_notification.desktop_notification.win32': Not used on non-Windows systems
[5.832s] INFO:colcon.colcon_notification.desktop_notification:Sending desktop notification using 'notify2'
[5.873s] DEBUG:colcon.colcon_core.event_reactor:joined thread
[5.874s] INFO:colcon.colcon_core.shell:Creating prefix script '/home/aitec-jetson/cugo_ws/install/local_setup.ps1'
[5.878s] INFO:colcon.colcon_core.shell:Creating prefix util module '/home/aitec-jetson/cugo_ws/install/_local_setup_util_ps1.py'
[5.880s] INFO:colcon.colcon_core.shell:Creating prefix chain script '/home/aitec-jetson/cugo_ws/install/setup.ps1'
[5.881s] INFO:colcon.colcon_core.shell:Creating prefix script '/home/aitec-jetson/cugo_ws/install/local_setup.sh'
[5.884s] INFO:colcon.colcon_core.shell:Creating prefix util module '/home/aitec-jetson/cugo_ws/install/_local_setup_util_sh.py'
[5.886s] INFO:colcon.colcon_core.shell:Creating prefix chain script '/home/aitec-jetson/cugo_ws/install/setup.sh'
[5.890s] INFO:colcon.colcon_core.shell:Creating prefix script '/home/aitec-jetson/cugo_ws/install/local_setup.bash'
[5.892s] INFO:colcon.colcon_core.shell:Creating prefix chain script '/home/aitec-jetson/cugo_ws/install/setup.bash'
[5.895s] INFO:colcon.colcon_core.shell:Creating prefix script '/home/aitec-jetson/cugo_ws/install/local_setup.zsh'
[5.896s] INFO:colcon.colcon_core.shell:Creating prefix chain script '/home/aitec-jetson/cugo_ws/install/setup.zsh'
