[0.180s] DEBUG:colcon:Command line arguments: ['/usr/bin/colcon', 'build', '--cmake-args', '-DROS_EDITION=ROS2', '-DHUMBLE_ROS=humble']
[0.181s] DEBUG:colcon:Parsed command line arguments: Namespace(log_base=None, log_level=None, verb_name='build', build_base='build', install_base='install', merge_install=False, symlink_install=False, test_result_base=None, continue_on_error=False, executor='parallel', parallel_workers=8, event_handlers=None, ignore_user_meta=False, metas=['./colcon.meta'], base_paths=['.'], packages_ignore=None, packages_ignore_regex=None, paths=None, packages_up_to=None, packages_up_to_regex=None, packages_above=None, packages_above_and_dependencies=None, packages_above_depth=None, packages_select_by_dep=None, packages_skip_by_dep=None, packages_skip_up_to=None, packages_select_build_failed=False, packages_skip_build_finished=False, packages_select_test_failures=False, packages_skip_test_passed=False, packages_select=None, packages_skip=None, packages_select_regex=None, packages_skip_regex=None, packages_start=None, packages_end=None, allow_overriding=[], cmake_args=['-DROS_EDITION=ROS2', '-DHUMBLE_ROS=humble'], cmake_target=None, cmake_target_skip_unavailable=False, cmake_clean_cache=False, cmake_clean_first=False, cmake_force_configure=False, ament_cmake_args=None, catkin_cmake_args=None, catkin_skip_building_tests=False, mixin_files=None, mixin=None, verb_parser=<colcon_mixin.mixin.mixin_argument.MixinArgumentDecorator object at 0xffff835297b0>, verb_extension=<colcon_core.verb.build.BuildVerb object at 0xffff8362a740>, main=<bound method BuildVerb.main of <colcon_core.verb.build.BuildVerb object at 0xffff8362a740>>, mixin_verb=('build',))
[0.469s] Level 1:colcon.colcon_core.package_discovery:discover_packages(colcon_meta) check parameters
[0.469s] Level 1:colcon.colcon_core.package_discovery:discover_packages(recursive) check parameters
[0.469s] Level 1:colcon.colcon_core.package_discovery:discover_packages(ignore) check parameters
[0.469s] Level 1:colcon.colcon_core.package_discovery:discover_packages(path) check parameters
[0.469s] Level 1:colcon.colcon_core.package_discovery:discover_packages(colcon_meta) discover
[0.469s] Level 1:colcon.colcon_core.package_discovery:discover_packages(recursive) discover
[0.469s] INFO:colcon.colcon_core.package_discovery:Crawling recursively for packages in '/home/aitec-jetson/cugo_ws'
[0.469s] Level 1:colcon.colcon_core.package_identification:_identify(.) by extensions ['ignore', 'ignore_ament_install']
[0.470s] Level 1:colcon.colcon_core.package_identification:_identify(.) by extension 'ignore'
[0.470s] Level 1:colcon.colcon_core.package_identification:_identify(.) by extension 'ignore_ament_install'
[0.470s] Level 1:colcon.colcon_core.package_identification:_identify(.) by extensions ['colcon_pkg']
[0.470s] Level 1:colcon.colcon_core.package_identification:_identify(.) by extension 'colcon_pkg'
[0.470s] Level 1:colcon.colcon_core.package_identification:_identify(.) by extensions ['colcon_meta']
[0.470s] Level 1:colcon.colcon_core.package_identification:_identify(.) by extension 'colcon_meta'
[0.470s] Level 1:colcon.colcon_core.package_identification:_identify(.) by extensions ['ros']
[0.470s] Level 1:colcon.colcon_core.package_identification:_identify(.) by extension 'ros'
[0.489s] Level 1:colcon.colcon_core.package_identification:_identify(.) by extensions ['cmake', 'python']
[0.490s] Level 1:colcon.colcon_core.package_identification:_identify(.) by extension 'cmake'
[0.490s] Level 1:colcon.colcon_core.package_identification:_identify(.) by extension 'python'
[0.490s] Level 1:colcon.colcon_core.package_identification:_identify(.) by extensions ['python_setup_py']
[0.490s] Level 1:colcon.colcon_core.package_identification:_identify(.) by extension 'python_setup_py'
[0.490s] Level 1:colcon.colcon_core.package_identification:_identify(automove) by extensions ['ignore', 'ignore_ament_install']
[0.490s] Level 1:colcon.colcon_core.package_identification:_identify(automove) by extension 'ignore'
[0.490s] Level 1:colcon.colcon_core.package_identification:_identify(automove) by extension 'ignore_ament_install'
[0.491s] Level 1:colcon.colcon_core.package_identification:_identify(automove) by extensions ['colcon_pkg']
[0.491s] Level 1:colcon.colcon_core.package_identification:_identify(automove) by extension 'colcon_pkg'
[0.491s] Level 1:colcon.colcon_core.package_identification:_identify(automove) by extensions ['colcon_meta']
[0.491s] Level 1:colcon.colcon_core.package_identification:_identify(automove) by extension 'colcon_meta'
[0.491s] Level 1:colcon.colcon_core.package_identification:_identify(automove) by extensions ['ros']
[0.491s] Level 1:colcon.colcon_core.package_identification:_identify(automove) by extension 'ros'
[0.491s] Level 1:colcon.colcon_core.package_identification:_identify(automove) by extensions ['cmake', 'python']
[0.491s] Level 1:colcon.colcon_core.package_identification:_identify(automove) by extension 'cmake'
[0.491s] Level 1:colcon.colcon_core.package_identification:_identify(automove) by extension 'python'
[0.491s] Level 1:colcon.colcon_core.package_identification:_identify(automove) by extensions ['python_setup_py']
[0.491s] Level 1:colcon.colcon_core.package_identification:_identify(automove) by extension 'python_setup_py'
[0.491s] Level 1:colcon.colcon_core.package_identification:_identify(build) by extensions ['ignore', 'ignore_ament_install']
[0.492s] Level 1:colcon.colcon_core.package_identification:_identify(build) by extension 'ignore'
[0.492s] Level 1:colcon.colcon_core.package_identification:_identify(build) ignored
[0.492s] Level 1:colcon.colcon_core.package_identification:_identify(install) by extensions ['ignore', 'ignore_ament_install']
[0.492s] Level 1:colcon.colcon_core.package_identification:_identify(install) by extension 'ignore'
[0.492s] Level 1:colcon.colcon_core.package_identification:_identify(install) ignored
[0.492s] Level 1:colcon.colcon_core.package_identification:_identify(log) by extensions ['ignore', 'ignore_ament_install']
[0.492s] Level 1:colcon.colcon_core.package_identification:_identify(log) by extension 'ignore'
[0.492s] Level 1:colcon.colcon_core.package_identification:_identify(log) ignored
[0.493s] Level 1:colcon.colcon_core.package_identification:_identify(src) by extensions ['ignore', 'ignore_ament_install']
[0.493s] Level 1:colcon.colcon_core.package_identification:_identify(src) by extension 'ignore'
[0.493s] Level 1:colcon.colcon_core.package_identification:_identify(src) by extension 'ignore_ament_install'
[0.493s] Level 1:colcon.colcon_core.package_identification:_identify(src) by extensions ['colcon_pkg']
[0.493s] Level 1:colcon.colcon_core.package_identification:_identify(src) by extension 'colcon_pkg'
[0.493s] Level 1:colcon.colcon_core.package_identification:_identify(src) by extensions ['colcon_meta']
[0.493s] Level 1:colcon.colcon_core.package_identification:_identify(src) by extension 'colcon_meta'
[0.493s] Level 1:colcon.colcon_core.package_identification:_identify(src) by extensions ['ros']
[0.493s] Level 1:colcon.colcon_core.package_identification:_identify(src) by extension 'ros'
[0.493s] Level 1:colcon.colcon_core.package_identification:_identify(src) by extensions ['cmake', 'python']
[0.493s] Level 1:colcon.colcon_core.package_identification:_identify(src) by extension 'cmake'
[0.493s] Level 1:colcon.colcon_core.package_identification:_identify(src) by extension 'python'
[0.493s] Level 1:colcon.colcon_core.package_identification:_identify(src) by extensions ['python_setup_py']
[0.494s] Level 1:colcon.colcon_core.package_identification:_identify(src) by extension 'python_setup_py'
[0.494s] Level 1:colcon.colcon_core.package_identification:_identify(src/cugo_ros2_control2) by extensions ['ignore', 'ignore_ament_install']
[0.494s] Level 1:colcon.colcon_core.package_identification:_identify(src/cugo_ros2_control2) by extension 'ignore'
[0.494s] Level 1:colcon.colcon_core.package_identification:_identify(src/cugo_ros2_control2) by extension 'ignore_ament_install'
[0.494s] Level 1:colcon.colcon_core.package_identification:_identify(src/cugo_ros2_control2) by extensions ['colcon_pkg']
[0.494s] Level 1:colcon.colcon_core.package_identification:_identify(src/cugo_ros2_control2) by extension 'colcon_pkg'
[0.494s] Level 1:colcon.colcon_core.package_identification:_identify(src/cugo_ros2_control2) by extensions ['colcon_meta']
[0.494s] Level 1:colcon.colcon_core.package_identification:_identify(src/cugo_ros2_control2) by extension 'colcon_meta'
[0.494s] Level 1:colcon.colcon_core.package_identification:_identify(src/cugo_ros2_control2) by extensions ['ros']
[0.494s] Level 1:colcon.colcon_core.package_identification:_identify(src/cugo_ros2_control2) by extension 'ros'
[0.522s] DEBUG:colcon.colcon_core.package_identification:Package 'src/cugo_ros2_control2' with type 'ros.ament_cmake' and name 'cugo_ros2_control2'
[0.523s] Level 1:colcon.colcon_core.package_identification:_identify(src/livox_ros_driver2) by extensions ['ignore', 'ignore_ament_install']
[0.523s] Level 1:colcon.colcon_core.package_identification:_identify(src/livox_ros_driver2) by extension 'ignore'
[0.523s] Level 1:colcon.colcon_core.package_identification:_identify(src/livox_ros_driver2) by extension 'ignore_ament_install'
[0.523s] Level 1:colcon.colcon_core.package_identification:_identify(src/livox_ros_driver2) by extensions ['colcon_pkg']
[0.523s] Level 1:colcon.colcon_core.package_identification:_identify(src/livox_ros_driver2) by extension 'colcon_pkg'
[0.524s] Level 1:colcon.colcon_core.package_identification:_identify(src/livox_ros_driver2) by extensions ['colcon_meta']
[0.524s] Level 1:colcon.colcon_core.package_identification:_identify(src/livox_ros_driver2) by extension 'colcon_meta'
[0.524s] Level 1:colcon.colcon_core.package_identification:_identify(src/livox_ros_driver2) by extensions ['ros']
[0.524s] Level 1:colcon.colcon_core.package_identification:_identify(src/livox_ros_driver2) by extension 'ros'
[0.526s] DEBUG:colcon.colcon_core.package_identification:Package 'src/livox_ros_driver2' with type 'ros.ament_cmake' and name 'livox_ros_driver2'
[0.526s] Level 1:colcon.colcon_core.package_discovery:discover_packages(recursive) using defaults
[0.526s] Level 1:colcon.colcon_core.package_discovery:discover_packages(ignore) discover
[0.526s] Level 1:colcon.colcon_core.package_discovery:discover_packages(ignore) using defaults
[0.526s] Level 1:colcon.colcon_core.package_discovery:discover_packages(path) discover
[0.526s] Level 1:colcon.colcon_core.package_discovery:discover_packages(path) using defaults
[0.558s] Level 1:colcon.colcon_core.package_discovery:discover_packages(prefix_path) check parameters
[0.558s] Level 1:colcon.colcon_core.package_discovery:discover_packages(prefix_path) discover
[0.562s] DEBUG:colcon.colcon_installed_package_information.package_discovery:Found 273 installed packages in /opt/ros/humble
[0.564s] Level 1:colcon.colcon_core.package_discovery:discover_packages(prefix_path) using defaults
[0.621s] Level 5:colcon.colcon_core.verb:set package 'cugo_ros2_control2' build argument 'cmake_args' from command line to '['-DROS_EDITION=ROS2', '-DHUMBLE_ROS=humble']'
[0.621s] Level 5:colcon.colcon_core.verb:set package 'cugo_ros2_control2' build argument 'cmake_target' from command line to 'None'
[0.621s] Level 5:colcon.colcon_core.verb:set package 'cugo_ros2_control2' build argument 'cmake_target_skip_unavailable' from command line to 'False'
[0.621s] Level 5:colcon.colcon_core.verb:set package 'cugo_ros2_control2' build argument 'cmake_clean_cache' from command line to 'False'
[0.621s] Level 5:colcon.colcon_core.verb:set package 'cugo_ros2_control2' build argument 'cmake_clean_first' from command line to 'False'
[0.621s] Level 5:colcon.colcon_core.verb:set package 'cugo_ros2_control2' build argument 'cmake_force_configure' from command line to 'False'
[0.622s] Level 5:colcon.colcon_core.verb:set package 'cugo_ros2_control2' build argument 'ament_cmake_args' from command line to 'None'
[0.622s] Level 5:colcon.colcon_core.verb:set package 'cugo_ros2_control2' build argument 'catkin_cmake_args' from command line to 'None'
[0.622s] Level 5:colcon.colcon_core.verb:set package 'cugo_ros2_control2' build argument 'catkin_skip_building_tests' from command line to 'False'
[0.622s] DEBUG:colcon.colcon_core.verb:Building package 'cugo_ros2_control2' with the following arguments: {'ament_cmake_args': None, 'build_base': '/home/aitec-jetson/cugo_ws/build/cugo_ros2_control2', 'catkin_cmake_args': None, 'catkin_skip_building_tests': False, 'cmake_args': ['-DROS_EDITION=ROS2', '-DHUMBLE_ROS=humble'], 'cmake_clean_cache': False, 'cmake_clean_first': False, 'cmake_force_configure': False, 'cmake_target': None, 'cmake_target_skip_unavailable': False, 'install_base': '/home/aitec-jetson/cugo_ws/install/cugo_ros2_control2', 'merge_install': False, 'path': '/home/aitec-jetson/cugo_ws/src/cugo_ros2_control2', 'symlink_install': False, 'test_result_base': None}
[0.622s] Level 5:colcon.colcon_core.verb:set package 'livox_ros_driver2' build argument 'cmake_args' from command line to '['-DROS_EDITION=ROS2', '-DHUMBLE_ROS=humble']'
[0.622s] Level 5:colcon.colcon_core.verb:set package 'livox_ros_driver2' build argument 'cmake_target' from command line to 'None'
[0.622s] Level 5:colcon.colcon_core.verb:set package 'livox_ros_driver2' build argument 'cmake_target_skip_unavailable' from command line to 'False'
[0.622s] Level 5:colcon.colcon_core.verb:set package 'livox_ros_driver2' build argument 'cmake_clean_cache' from command line to 'False'
[0.622s] Level 5:colcon.colcon_core.verb:set package 'livox_ros_driver2' build argument 'cmake_clean_first' from command line to 'False'
[0.622s] Level 5:colcon.colcon_core.verb:set package 'livox_ros_driver2' build argument 'cmake_force_configure' from command line to 'False'
[0.622s] Level 5:colcon.colcon_core.verb:set package 'livox_ros_driver2' build argument 'ament_cmake_args' from command line to 'None'
[0.623s] Level 5:colcon.colcon_core.verb:set package 'livox_ros_driver2' build argument 'catkin_cmake_args' from command line to 'None'
[0.623s] Level 5:colcon.colcon_core.verb:set package 'livox_ros_driver2' build argument 'catkin_skip_building_tests' from command line to 'False'
[0.623s] DEBUG:colcon.colcon_core.verb:Building package 'livox_ros_driver2' with the following arguments: {'ament_cmake_args': None, 'build_base': '/home/aitec-jetson/cugo_ws/build/livox_ros_driver2', 'catkin_cmake_args': None, 'catkin_skip_building_tests': False, 'cmake_args': ['-DROS_EDITION=ROS2', '-DHUMBLE_ROS=humble'], 'cmake_clean_cache': False, 'cmake_clean_first': False, 'cmake_force_configure': False, 'cmake_target': None, 'cmake_target_skip_unavailable': False, 'install_base': '/home/aitec-jetson/cugo_ws/install/livox_ros_driver2', 'merge_install': False, 'path': '/home/aitec-jetson/cugo_ws/src/livox_ros_driver2', 'symlink_install': False, 'test_result_base': None}
[0.623s] INFO:colcon.colcon_core.executor:Executing jobs using 'parallel' executor
[0.625s] DEBUG:colcon.colcon_parallel_executor.executor.parallel:run_until_complete
[0.626s] INFO:colcon.colcon_ros.task.ament_cmake.build:Building ROS package in '/home/aitec-jetson/cugo_ws/src/cugo_ros2_control2' with build type 'ament_cmake'
[0.626s] INFO:colcon.colcon_cmake.task.cmake.build:Building CMake package in '/home/aitec-jetson/cugo_ws/src/cugo_ros2_control2'
[0.629s] INFO:colcon.colcon_core.plugin_system:Skipping extension 'colcon_core.shell.bat': Not used on non-Windows systems
[0.629s] INFO:colcon.colcon_core.shell:Skip shell extension 'powershell' for command environment: Not usable outside of PowerShell
[0.629s] DEBUG:colcon.colcon_core.shell:Skip shell extension 'dsv' for command environment
[0.634s] INFO:colcon.colcon_ros.task.ament_cmake.build:Building ROS package in '/home/aitec-jetson/cugo_ws/src/livox_ros_driver2' with build type 'ament_cmake'
[0.634s] INFO:colcon.colcon_cmake.task.cmake.build:Building CMake package in '/home/aitec-jetson/cugo_ws/src/livox_ros_driver2'
[0.635s] INFO:colcon.colcon_core.shell:Skip shell extension 'powershell' for command environment: Not usable outside of PowerShell
[0.635s] DEBUG:colcon.colcon_core.shell:Skip shell extension 'dsv' for command environment
[0.643s] DEBUG:colcon.colcon_core.event_handler.log_command:Invoking command in '/home/aitec-jetson/cugo_ws/build/cugo_ros2_control2': CMAKE_PREFIX_PATH=/opt/ros/humble /usr/bin/cmake /home/aitec-jetson/cugo_ws/src/cugo_ros2_control2 -DROS_EDITION=ROS2 -DHUMBLE_ROS=humble -DCMAKE_INSTALL_PREFIX=/home/aitec-jetson/cugo_ws/install/cugo_ros2_control2
[0.652s] DEBUG:colcon.colcon_core.event_handler.log_command:Invoking command in '/home/aitec-jetson/cugo_ws/build/livox_ros_driver2': CMAKE_PREFIX_PATH=/opt/ros/humble /usr/bin/cmake /home/aitec-jetson/cugo_ws/src/livox_ros_driver2 -DROS_EDITION=ROS2 -DHUMBLE_ROS=humble -DCMAKE_INSTALL_PREFIX=/home/aitec-jetson/cugo_ws/install/livox_ros_driver2
[2.970s] DEBUG:colcon.colcon_core.event_handler.log_command:Invoked command in '/home/aitec-jetson/cugo_ws/build/cugo_ros2_control2' returned '0': CMAKE_PREFIX_PATH=/opt/ros/humble /usr/bin/cmake /home/aitec-jetson/cugo_ws/src/cugo_ros2_control2 -DROS_EDITION=ROS2 -DHUMBLE_ROS=humble -DCMAKE_INSTALL_PREFIX=/home/aitec-jetson/cugo_ws/install/cugo_ros2_control2
[2.973s] DEBUG:colcon.colcon_core.event_handler.log_command:Invoking command in '/home/aitec-jetson/cugo_ws/build/cugo_ros2_control2': CMAKE_PREFIX_PATH=/opt/ros/humble /usr/bin/cmake --build /home/aitec-jetson/cugo_ws/build/cugo_ros2_control2 -- -j8 -l8
[7.525s] DEBUG:colcon.colcon_core.event_handler.log_command:Invoked command in '/home/aitec-jetson/cugo_ws/build/livox_ros_driver2' returned '0': CMAKE_PREFIX_PATH=/opt/ros/humble /usr/bin/cmake /home/aitec-jetson/cugo_ws/src/livox_ros_driver2 -DROS_EDITION=ROS2 -DHUMBLE_ROS=humble -DCMAKE_INSTALL_PREFIX=/home/aitec-jetson/cugo_ws/install/livox_ros_driver2
[7.528s] DEBUG:colcon.colcon_core.event_handler.log_command:Invoking command in '/home/aitec-jetson/cugo_ws/build/livox_ros_driver2': CMAKE_PREFIX_PATH=/opt/ros/humble /usr/bin/cmake --build /home/aitec-jetson/cugo_ws/build/livox_ros_driver2 -- -j8 -l8
[33.234s] DEBUG:colcon.colcon_core.event_handler.log_command:Invoked command in '/home/aitec-jetson/cugo_ws/build/livox_ros_driver2' returned '0': CMAKE_PREFIX_PATH=/opt/ros/humble /usr/bin/cmake --build /home/aitec-jetson/cugo_ws/build/livox_ros_driver2 -- -j8 -l8
[33.253s] DEBUG:colcon.colcon_core.event_handler.log_command:Invoking command in '/home/aitec-jetson/cugo_ws/build/livox_ros_driver2': CMAKE_PREFIX_PATH=/opt/ros/humble /usr/bin/cmake --install /home/aitec-jetson/cugo_ws/build/livox_ros_driver2
[33.386s] Level 1:colcon.colcon_core.environment:create_environment_scripts_only(livox_ros_driver2)
[33.387s] DEBUG:colcon.colcon_core.event_handler.log_command:Invoked command in '/home/aitec-jetson/cugo_ws/build/livox_ros_driver2' returned '0': CMAKE_PREFIX_PATH=/opt/ros/humble /usr/bin/cmake --install /home/aitec-jetson/cugo_ws/build/livox_ros_driver2
[33.391s] Level 1:colcon.colcon_core.environment:checking '/home/aitec-jetson/cugo_ws/install/livox_ros_driver2' for CMake module files
[33.393s] Level 1:colcon.colcon_core.environment:checking '/home/aitec-jetson/cugo_ws/install/livox_ros_driver2' for CMake config files
[33.393s] Level 1:colcon.colcon_core.shell:create_environment_hook('livox_ros_driver2', 'cmake_prefix_path')
[33.393s] INFO:colcon.colcon_core.shell:Creating environment hook '/home/aitec-jetson/cugo_ws/install/livox_ros_driver2/share/livox_ros_driver2/hook/cmake_prefix_path.ps1'
[33.395s] INFO:colcon.colcon_core.shell:Creating environment descriptor '/home/aitec-jetson/cugo_ws/install/livox_ros_driver2/share/livox_ros_driver2/hook/cmake_prefix_path.dsv'
[33.396s] INFO:colcon.colcon_core.shell:Creating environment hook '/home/aitec-jetson/cugo_ws/install/livox_ros_driver2/share/livox_ros_driver2/hook/cmake_prefix_path.sh'
[33.397s] Level 1:colcon.colcon_core.environment:checking '/home/aitec-jetson/cugo_ws/install/livox_ros_driver2/lib'
[33.398s] Level 1:colcon.colcon_core.shell:create_environment_hook('livox_ros_driver2', 'ld_library_path_lib')
[33.398s] INFO:colcon.colcon_core.shell:Creating environment hook '/home/aitec-jetson/cugo_ws/install/livox_ros_driver2/share/livox_ros_driver2/hook/ld_library_path_lib.ps1'
[33.399s] INFO:colcon.colcon_core.shell:Creating environment descriptor '/home/aitec-jetson/cugo_ws/install/livox_ros_driver2/share/livox_ros_driver2/hook/ld_library_path_lib.dsv'
[33.399s] INFO:colcon.colcon_core.shell:Creating environment hook '/home/aitec-jetson/cugo_ws/install/livox_ros_driver2/share/livox_ros_driver2/hook/ld_library_path_lib.sh'
[33.400s] Level 1:colcon.colcon_core.environment:checking '/home/aitec-jetson/cugo_ws/install/livox_ros_driver2/bin'
[33.400s] Level 1:colcon.colcon_core.environment:checking '/home/aitec-jetson/cugo_ws/install/livox_ros_driver2/lib/pkgconfig/livox_ros_driver2.pc'
[33.400s] Level 1:colcon.colcon_core.environment:checking '/home/aitec-jetson/cugo_ws/install/livox_ros_driver2/lib/python3.10/site-packages'
[33.401s] Level 1:colcon.colcon_core.environment:checking '/home/aitec-jetson/cugo_ws/install/livox_ros_driver2/bin'
[33.402s] INFO:colcon.colcon_core.shell:Creating package script '/home/aitec-jetson/cugo_ws/install/livox_ros_driver2/share/livox_ros_driver2/package.ps1'
[33.403s] INFO:colcon.colcon_core.shell:Creating package descriptor '/home/aitec-jetson/cugo_ws/install/livox_ros_driver2/share/livox_ros_driver2/package.dsv'
[33.404s] INFO:colcon.colcon_core.shell:Creating package script '/home/aitec-jetson/cugo_ws/install/livox_ros_driver2/share/livox_ros_driver2/package.sh'
[33.406s] INFO:colcon.colcon_core.shell:Creating package script '/home/aitec-jetson/cugo_ws/install/livox_ros_driver2/share/livox_ros_driver2/package.bash'
[33.407s] INFO:colcon.colcon_core.shell:Creating package script '/home/aitec-jetson/cugo_ws/install/livox_ros_driver2/share/livox_ros_driver2/package.zsh'
[33.408s] Level 1:colcon.colcon_core.environment:create_file_with_runtime_dependencies(/home/aitec-jetson/cugo_ws/install/livox_ros_driver2/share/colcon-core/packages/livox_ros_driver2)
[33.410s] Level 1:colcon.colcon_core.environment:create_environment_scripts_only(livox_ros_driver2)
[33.410s] Level 1:colcon.colcon_core.environment:checking '/home/aitec-jetson/cugo_ws/install/livox_ros_driver2' for CMake module files
[33.411s] Level 1:colcon.colcon_core.environment:checking '/home/aitec-jetson/cugo_ws/install/livox_ros_driver2' for CMake config files
[33.411s] Level 1:colcon.colcon_core.shell:create_environment_hook('livox_ros_driver2', 'cmake_prefix_path')
[33.412s] INFO:colcon.colcon_core.shell:Creating environment hook '/home/aitec-jetson/cugo_ws/install/livox_ros_driver2/share/livox_ros_driver2/hook/cmake_prefix_path.ps1'
[33.413s] INFO:colcon.colcon_core.shell:Creating environment descriptor '/home/aitec-jetson/cugo_ws/install/livox_ros_driver2/share/livox_ros_driver2/hook/cmake_prefix_path.dsv'
[33.413s] INFO:colcon.colcon_core.shell:Creating environment hook '/home/aitec-jetson/cugo_ws/install/livox_ros_driver2/share/livox_ros_driver2/hook/cmake_prefix_path.sh'
[33.414s] Level 1:colcon.colcon_core.environment:checking '/home/aitec-jetson/cugo_ws/install/livox_ros_driver2/lib'
[33.414s] Level 1:colcon.colcon_core.shell:create_environment_hook('livox_ros_driver2', 'ld_library_path_lib')
[33.415s] INFO:colcon.colcon_core.shell:Creating environment hook '/home/aitec-jetson/cugo_ws/install/livox_ros_driver2/share/livox_ros_driver2/hook/ld_library_path_lib.ps1'
[33.415s] INFO:colcon.colcon_core.shell:Creating environment descriptor '/home/aitec-jetson/cugo_ws/install/livox_ros_driver2/share/livox_ros_driver2/hook/ld_library_path_lib.dsv'
[33.416s] INFO:colcon.colcon_core.shell:Creating environment hook '/home/aitec-jetson/cugo_ws/install/livox_ros_driver2/share/livox_ros_driver2/hook/ld_library_path_lib.sh'
[33.417s] Level 1:colcon.colcon_core.environment:checking '/home/aitec-jetson/cugo_ws/install/livox_ros_driver2/bin'
[33.417s] Level 1:colcon.colcon_core.environment:checking '/home/aitec-jetson/cugo_ws/install/livox_ros_driver2/lib/pkgconfig/livox_ros_driver2.pc'
[33.417s] Level 1:colcon.colcon_core.environment:checking '/home/aitec-jetson/cugo_ws/install/livox_ros_driver2/lib/python3.10/site-packages'
[33.418s] Level 1:colcon.colcon_core.environment:checking '/home/aitec-jetson/cugo_ws/install/livox_ros_driver2/bin'
[33.419s] INFO:colcon.colcon_core.shell:Creating package script '/home/aitec-jetson/cugo_ws/install/livox_ros_driver2/share/livox_ros_driver2/package.ps1'
[33.420s] INFO:colcon.colcon_core.shell:Creating package descriptor '/home/aitec-jetson/cugo_ws/install/livox_ros_driver2/share/livox_ros_driver2/package.dsv'
[33.420s] INFO:colcon.colcon_core.shell:Creating package script '/home/aitec-jetson/cugo_ws/install/livox_ros_driver2/share/livox_ros_driver2/package.sh'
[33.421s] INFO:colcon.colcon_core.shell:Creating package script '/home/aitec-jetson/cugo_ws/install/livox_ros_driver2/share/livox_ros_driver2/package.bash'
[33.422s] INFO:colcon.colcon_core.shell:Creating package script '/home/aitec-jetson/cugo_ws/install/livox_ros_driver2/share/livox_ros_driver2/package.zsh'
[33.423s] Level 1:colcon.colcon_core.environment:create_file_with_runtime_dependencies(/home/aitec-jetson/cugo_ws/install/livox_ros_driver2/share/colcon-core/packages/livox_ros_driver2)
[47.418s] DEBUG:colcon.colcon_core.event_handler.log_command:Invoked command in '/home/aitec-jetson/cugo_ws/build/cugo_ros2_control2' returned '0': CMAKE_PREFIX_PATH=/opt/ros/humble /usr/bin/cmake --build /home/aitec-jetson/cugo_ws/build/cugo_ros2_control2 -- -j8 -l8
[47.422s] DEBUG:colcon.colcon_core.event_handler.log_command:Invoking command in '/home/aitec-jetson/cugo_ws/build/cugo_ros2_control2': CMAKE_PREFIX_PATH=/opt/ros/humble /usr/bin/cmake --install /home/aitec-jetson/cugo_ws/build/cugo_ros2_control2
[47.459s] Level 1:colcon.colcon_core.environment:create_environment_scripts_only(cugo_ros2_control2)
[47.460s] Level 1:colcon.colcon_core.environment:checking '/home/aitec-jetson/cugo_ws/install/cugo_ros2_control2' for CMake module files
[47.461s] DEBUG:colcon.colcon_core.event_handler.log_command:Invoked command in '/home/aitec-jetson/cugo_ws/build/cugo_ros2_control2' returned '0': CMAKE_PREFIX_PATH=/opt/ros/humble /usr/bin/cmake --install /home/aitec-jetson/cugo_ws/build/cugo_ros2_control2
[47.462s] Level 1:colcon.colcon_core.environment:checking '/home/aitec-jetson/cugo_ws/install/cugo_ros2_control2' for CMake config files
[47.462s] Level 1:colcon.colcon_core.shell:create_environment_hook('cugo_ros2_control2', 'cmake_prefix_path')
[47.462s] INFO:colcon.colcon_core.shell:Creating environment hook '/home/aitec-jetson/cugo_ws/install/cugo_ros2_control2/share/cugo_ros2_control2/hook/cmake_prefix_path.ps1'
[47.463s] INFO:colcon.colcon_core.shell:Creating environment descriptor '/home/aitec-jetson/cugo_ws/install/cugo_ros2_control2/share/cugo_ros2_control2/hook/cmake_prefix_path.dsv'
[47.464s] INFO:colcon.colcon_core.shell:Creating environment hook '/home/aitec-jetson/cugo_ws/install/cugo_ros2_control2/share/cugo_ros2_control2/hook/cmake_prefix_path.sh'
[47.466s] Level 1:colcon.colcon_core.environment:checking '/home/aitec-jetson/cugo_ws/install/cugo_ros2_control2/lib'
[47.466s] Level 1:colcon.colcon_core.environment:checking '/home/aitec-jetson/cugo_ws/install/cugo_ros2_control2/bin'
[47.467s] Level 1:colcon.colcon_core.environment:checking '/home/aitec-jetson/cugo_ws/install/cugo_ros2_control2/lib/pkgconfig/cugo_ros2_control2.pc'
[47.467s] Level 1:colcon.colcon_core.environment:checking '/home/aitec-jetson/cugo_ws/install/cugo_ros2_control2/lib/python3.10/site-packages'
[47.469s] Level 1:colcon.colcon_core.environment:checking '/home/aitec-jetson/cugo_ws/install/cugo_ros2_control2/bin'
[47.470s] INFO:colcon.colcon_core.shell:Creating package script '/home/aitec-jetson/cugo_ws/install/cugo_ros2_control2/share/cugo_ros2_control2/package.ps1'
[47.471s] INFO:colcon.colcon_core.shell:Creating package descriptor '/home/aitec-jetson/cugo_ws/install/cugo_ros2_control2/share/cugo_ros2_control2/package.dsv'
[47.473s] INFO:colcon.colcon_core.shell:Creating package script '/home/aitec-jetson/cugo_ws/install/cugo_ros2_control2/share/cugo_ros2_control2/package.sh'
[47.474s] INFO:colcon.colcon_core.shell:Creating package script '/home/aitec-jetson/cugo_ws/install/cugo_ros2_control2/share/cugo_ros2_control2/package.bash'
[47.476s] INFO:colcon.colcon_core.shell:Creating package script '/home/aitec-jetson/cugo_ws/install/cugo_ros2_control2/share/cugo_ros2_control2/package.zsh'
[47.476s] Level 1:colcon.colcon_core.environment:create_file_with_runtime_dependencies(/home/aitec-jetson/cugo_ws/install/cugo_ros2_control2/share/colcon-core/packages/cugo_ros2_control2)
[47.477s] Level 1:colcon.colcon_core.environment:create_environment_scripts_only(cugo_ros2_control2)
[47.478s] Level 1:colcon.colcon_core.environment:checking '/home/aitec-jetson/cugo_ws/install/cugo_ros2_control2' for CMake module files
[47.478s] Level 1:colcon.colcon_core.environment:checking '/home/aitec-jetson/cugo_ws/install/cugo_ros2_control2' for CMake config files
[47.479s] Level 1:colcon.colcon_core.shell:create_environment_hook('cugo_ros2_control2', 'cmake_prefix_path')
[47.479s] INFO:colcon.colcon_core.shell:Creating environment hook '/home/aitec-jetson/cugo_ws/install/cugo_ros2_control2/share/cugo_ros2_control2/hook/cmake_prefix_path.ps1'
[47.480s] INFO:colcon.colcon_core.shell:Creating environment descriptor '/home/aitec-jetson/cugo_ws/install/cugo_ros2_control2/share/cugo_ros2_control2/hook/cmake_prefix_path.dsv'
[47.481s] INFO:colcon.colcon_core.shell:Creating environment hook '/home/aitec-jetson/cugo_ws/install/cugo_ros2_control2/share/cugo_ros2_control2/hook/cmake_prefix_path.sh'
[47.483s] Level 1:colcon.colcon_core.environment:checking '/home/aitec-jetson/cugo_ws/install/cugo_ros2_control2/lib'
[47.483s] Level 1:colcon.colcon_core.environment:checking '/home/aitec-jetson/cugo_ws/install/cugo_ros2_control2/bin'
[47.483s] Level 1:colcon.colcon_core.environment:checking '/home/aitec-jetson/cugo_ws/install/cugo_ros2_control2/lib/pkgconfig/cugo_ros2_control2.pc'
[47.484s] Level 1:colcon.colcon_core.environment:checking '/home/aitec-jetson/cugo_ws/install/cugo_ros2_control2/lib/python3.10/site-packages'
[47.485s] Level 1:colcon.colcon_core.environment:checking '/home/aitec-jetson/cugo_ws/install/cugo_ros2_control2/bin'
[47.487s] INFO:colcon.colcon_core.shell:Creating package script '/home/aitec-jetson/cugo_ws/install/cugo_ros2_control2/share/cugo_ros2_control2/package.ps1'
[47.489s] INFO:colcon.colcon_core.shell:Creating package descriptor '/home/aitec-jetson/cugo_ws/install/cugo_ros2_control2/share/cugo_ros2_control2/package.dsv'
[47.491s] INFO:colcon.colcon_core.shell:Creating package script '/home/aitec-jetson/cugo_ws/install/cugo_ros2_control2/share/cugo_ros2_control2/package.sh'
[47.492s] INFO:colcon.colcon_core.shell:Creating package script '/home/aitec-jetson/cugo_ws/install/cugo_ros2_control2/share/cugo_ros2_control2/package.bash'
[47.494s] INFO:colcon.colcon_core.shell:Creating package script '/home/aitec-jetson/cugo_ws/install/cugo_ros2_control2/share/cugo_ros2_control2/package.zsh'
[47.495s] Level 1:colcon.colcon_core.environment:create_file_with_runtime_dependencies(/home/aitec-jetson/cugo_ws/install/cugo_ros2_control2/share/colcon-core/packages/cugo_ros2_control2)
[47.496s] DEBUG:colcon.colcon_parallel_executor.executor.parallel:closing loop
[47.497s] DEBUG:colcon.colcon_parallel_executor.executor.parallel:loop closed
[47.498s] DEBUG:colcon.colcon_parallel_executor.executor.parallel:run_until_complete finished with '0'
[47.498s] DEBUG:colcon.colcon_core.event_reactor:joining thread
[47.512s] INFO:colcon.colcon_core.plugin_system:Skipping extension 'colcon_notification.desktop_notification.terminal_notifier': Not used on non-Darwin systems
[47.512s] INFO:colcon.colcon_core.plugin_system:Skipping extension 'colcon_notification.desktop_notification.win32': Not used on non-Windows systems
[47.512s] INFO:colcon.colcon_notification.desktop_notification:Sending desktop notification using 'notify2'
[47.551s] DEBUG:colcon.colcon_core.event_reactor:joined thread
[47.552s] INFO:colcon.colcon_core.shell:Creating prefix script '/home/aitec-jetson/cugo_ws/install/local_setup.ps1'
[47.554s] INFO:colcon.colcon_core.shell:Creating prefix util module '/home/aitec-jetson/cugo_ws/install/_local_setup_util_ps1.py'
[47.558s] INFO:colcon.colcon_core.shell:Creating prefix chain script '/home/aitec-jetson/cugo_ws/install/setup.ps1'
[47.559s] INFO:colcon.colcon_core.shell:Creating prefix script '/home/aitec-jetson/cugo_ws/install/local_setup.sh'
[47.561s] INFO:colcon.colcon_core.shell:Creating prefix util module '/home/aitec-jetson/cugo_ws/install/_local_setup_util_sh.py'
[47.563s] INFO:colcon.colcon_core.shell:Creating prefix chain script '/home/aitec-jetson/cugo_ws/install/setup.sh'
[47.567s] INFO:colcon.colcon_core.shell:Creating prefix script '/home/aitec-jetson/cugo_ws/install/local_setup.bash'
[47.568s] INFO:colcon.colcon_core.shell:Creating prefix chain script '/home/aitec-jetson/cugo_ws/install/setup.bash'
[47.570s] INFO:colcon.colcon_core.shell:Creating prefix script '/home/aitec-jetson/cugo_ws/install/local_setup.zsh'
[47.571s] INFO:colcon.colcon_core.shell:Creating prefix chain script '/home/aitec-jetson/cugo_ws/install/setup.zsh'
