-- Found ament_cmake: 1.3.12 (/opt/ros/humble/share/ament_cmake/cmake)
-- Override CMake install command with custom implementation using symlinks instead of copying resources
-- Found rclcpp: 16.0.16 (/opt/ros/humble/share/rclcpp/cmake)
-- Found rosidl_generator_c: 3.1.7 (/opt/ros/humble/share/rosidl_generator_c/cmake)
-- Found rosidl_adapter: 3.1.7 (/opt/ros/humble/share/rosidl_adapter/cmake)
-- Found rosidl_generator_cpp: 3.1.7 (/opt/ros/humble/share/rosidl_generator_cpp/cmake)
-- Using all available rosidl_typesupport_c: rosidl_typesupport_fastrtps_c;rosidl_typesupport_introspection_c
-- Using all available rosidl_typesupport_cpp: rosidl_typesupport_fastrtps_cpp;rosidl_typesupport_introspection_cpp
-- Found rmw_implementation_cmake: 6.1.2 (/opt/ros/humble/share/rmw_implementation_cmake/cmake)
-- Found rmw_fastrtps_cpp: 6.2.9 (/opt/ros/humble/share/rmw_fastrtps_cpp/cmake)
-- Using RMW implementation 'rmw_fastrtps_cpp' as default
-- Found nav_msgs: 4.9.0 (/opt/ros/humble/share/nav_msgs/cmake)
-- Found sensor_msgs: 4.9.0 (/opt/ros/humble/share/sensor_msgs/cmake)
-- Found tf2: 0.25.17 (/opt/ros/humble/share/tf2/cmake)
-- Found tf2_ros: 0.25.17 (/opt/ros/humble/share/tf2_ros/cmake)
-- Found tf2_geometry_msgs: 0.25.17 (/opt/ros/humble/share/tf2_geometry_msgs/cmake)
-- Found eigen3_cmake_module: 0.1.1 (/opt/ros/humble/share/eigen3_cmake_module/cmake)
-- Ensuring Eigen3 include directory is part of orocos-kdl CMake target
-- Found diagnostic_updater: 4.0.6 (/opt/ros/humble/share/diagnostic_updater/cmake)
-- Found ament_lint_auto: 0.12.14 (/opt/ros/humble/share/ament_lint_auto/cmake)
-- Found ament_cmake_gtest: 1.3.12 (/opt/ros/humble/share/ament_cmake_gtest/cmake)
-- Found gtest sources under '/opt/ros/humble/src/gtest_vendor': C++ tests using 'Google Test' will be built
-- Added test 'cppcheck' to perform static code analysis on C / C++ code
-- Configured cppcheck include dirs: /home/aitec-jetson/cugo_ws/src/cugo_ros2_control2/include
-- Configured cppcheck exclude dirs and/or files: 
-- Added test 'flake8' to check Python code syntax and style conventions
-- Added test 'lint_cmake' to check CMake code style
-- Added test 'pep257' to check Python code against some of the docstring style conventions in PEP 257
-- Added test 'uncrustify' to check C / C++ code style
-- Configured uncrustify additional arguments: 
-- Added test 'xmllint' to check XML markup files
-- Configuring done
-- Generating done
-- Build files have been written to: /home/aitec-jetson/cugo_ws/build/cugo_ros2_control2
[35m[1mConsolidate compiler generated dependencies of target gtest_main[0m
[35m[1mConsolidate compiler generated dependencies of target gtest[0m
[35m[1mConsolidate compiler generated dependencies of target cugo_lib[0m
[35m[1mConsolidate compiler generated dependencies of target serial_lib[0m
[ 15%] Built target cugo_lib
[ 21%] Built target gtest_main
[ 31%] Built target gtest
[ 42%] Built target serial_lib
[35m[1mConsolidate compiler generated dependencies of target test_cugo[0m
[35m[1mConsolidate compiler generated dependencies of target test_serial[0m
[35m[1mConsolidate compiler generated dependencies of target node_lib[0m
[35m[1mConsolidate compiler generated dependencies of target test_node[0m
[ 52%] Built target test_cugo
[ 63%] Built target test_serial
[ 73%] Built target node_lib
[ 89%] Built target test_node
[35m[1mConsolidate compiler generated dependencies of target cugo_ros2_control2[0m
[ 94%] [32m[1mLinking CXX executable cugo_ros2_control2[0m
[100%] Built target cugo_ros2_control2
-- Install configuration: ""
-- Execute custom install script
-- Symlinking: /home/aitec-jetson/cugo_ws/install/cugo_ros2_control2/lib/cugo_ros2_control2/cugo_ros2_control2
-- Symlinking: /home/aitec-jetson/cugo_ws/install/cugo_ros2_control2/include//include/cugo_ros2_control2/cugo.hpp
-- Symlinking: /home/aitec-jetson/cugo_ws/install/cugo_ros2_control2/include//include/cugo_ros2_control2/node.hpp
-- Symlinking: /home/aitec-jetson/cugo_ws/install/cugo_ros2_control2/include//include/cugo_ros2_control2/serial.hpp
-- Symlinking: /home/aitec-jetson/cugo_ws/install/cugo_ros2_control2/share/cugo_ros2_control2//launch/cugov3i_launch.py
-- Symlinking: /home/aitec-jetson/cugo_ws/install/cugo_ros2_control2/share/cugo_ros2_control2//launch/cugov4_launch.py
-- Symlinking: /home/aitec-jetson/cugo_ws/install/cugo_ros2_control2/share/cugo_ros2_control2//launch/unaju_launch.py
-- Symlinking: /home/aitec-jetson/cugo_ws/install/cugo_ros2_control2/share/cugo_ros2_control2//launch/view_urdf.launch.py
-- Symlinking: /home/aitec-jetson/cugo_ws/install/cugo_ros2_control2/share/cugo_ros2_control2//urdf/my_cugo_robot.urdf.xacro
-- Symlinking: /home/aitec-jetson/cugo_ws/install/cugo_ros2_control2/share/cugo_ros2_control2//urdf/parts/cugo_base.urdf.xacro
-- Symlinking: /home/aitec-jetson/cugo_ws/install/cugo_ros2_control2/share/cugo_ros2_control2//urdf/parts/mid360.urdf.xacro
-- Symlinking: /home/aitec-jetson/cugo_ws/install/cugo_ros2_control2/share/ament_index/resource_index/package_run_dependencies/cugo_ros2_control2
-- Symlinking: /home/aitec-jetson/cugo_ws/install/cugo_ros2_control2/share/ament_index/resource_index/parent_prefix_path/cugo_ros2_control2
-- Symlinking: /home/aitec-jetson/cugo_ws/install/cugo_ros2_control2/share/cugo_ros2_control2/environment/ament_prefix_path.sh
-- Symlinking: /home/aitec-jetson/cugo_ws/install/cugo_ros2_control2/share/cugo_ros2_control2/environment/ament_prefix_path.dsv
-- Symlinking: /home/aitec-jetson/cugo_ws/install/cugo_ros2_control2/share/cugo_ros2_control2/environment/path.sh
-- Symlinking: /home/aitec-jetson/cugo_ws/install/cugo_ros2_control2/share/cugo_ros2_control2/environment/path.dsv
-- Symlinking: /home/aitec-jetson/cugo_ws/install/cugo_ros2_control2/share/cugo_ros2_control2/local_setup.bash
-- Symlinking: /home/aitec-jetson/cugo_ws/install/cugo_ros2_control2/share/cugo_ros2_control2/local_setup.sh
-- Symlinking: /home/aitec-jetson/cugo_ws/install/cugo_ros2_control2/share/cugo_ros2_control2/local_setup.zsh
-- Symlinking: /home/aitec-jetson/cugo_ws/install/cugo_ros2_control2/share/cugo_ros2_control2/local_setup.dsv
-- Symlinking: /home/aitec-jetson/cugo_ws/install/cugo_ros2_control2/share/cugo_ros2_control2/package.dsv
-- Symlinking: /home/aitec-jetson/cugo_ws/install/cugo_ros2_control2/share/ament_index/resource_index/packages/cugo_ros2_control2
-- Symlinking: /home/aitec-jetson/cugo_ws/install/cugo_ros2_control2/share/cugo_ros2_control2/cmake/cugo_ros2_control2Config.cmake
-- Symlinking: /home/aitec-jetson/cugo_ws/install/cugo_ros2_control2/share/cugo_ros2_control2/cmake/cugo_ros2_control2Config-version.cmake
-- Symlinking: /home/aitec-jetson/cugo_ws/install/cugo_ros2_control2/share/cugo_ros2_control2/package.xml
