[0.022s] Invoking command in '/home/aitec-jetson/cugo_ws/build/cugo_ros2_control2': CMAKE_PREFIX_PATH=${CMAKE_PREFIX_PATH}:/opt/ros/humble /usr/bin/cmake /home/aitec-jetson/cugo_ws/src/cugo_ros2_control2 -DAMENT_CMAKE_SYMLINK_INSTALL=1 -DCMAKE_INSTALL_PREFIX=/home/aitec-jetson/cugo_ws/install/cugo_ros2_control2
[0.046s] -- Found ament_cmake: 1.3.12 (/opt/ros/humble/share/ament_cmake/cmake)
[0.267s] -- Override CMake install command with custom implementation using symlinks instead of copying resources
[0.280s] -- Found rclcpp: 16.0.16 (/opt/ros/humble/share/rclcpp/cmake)
[0.343s] -- Found rosidl_generator_c: 3.1.7 (/opt/ros/humble/share/rosidl_generator_c/cmake)
[0.347s] -- Found rosidl_adapter: 3.1.7 (/opt/ros/humble/share/rosidl_adapter/cmake)
[0.357s] -- Found rosidl_generator_cpp: 3.1.7 (/opt/ros/humble/share/rosidl_generator_cpp/cmake)
[0.372s] -- Using all available rosidl_typesupport_c: rosidl_typesupport_fastrtps_c;rosidl_typesupport_introspection_c
[0.391s] -- Using all available rosidl_typesupport_cpp: rosidl_typesupport_fastrtps_cpp;rosidl_typesupport_introspection_cpp
[0.437s] -- Found rmw_implementation_cmake: 6.1.2 (/opt/ros/humble/share/rmw_implementation_cmake/cmake)
[0.439s] -- Found rmw_fastrtps_cpp: 6.2.9 (/opt/ros/humble/share/rmw_fastrtps_cpp/cmake)
[0.577s] -- Using RMW implementation 'rmw_fastrtps_cpp' as default
[0.649s] -- Found nav_msgs: 4.9.0 (/opt/ros/humble/share/nav_msgs/cmake)
[0.689s] -- Found sensor_msgs: 4.9.0 (/opt/ros/humble/share/sensor_msgs/cmake)
[0.712s] -- Found tf2: 0.25.17 (/opt/ros/humble/share/tf2/cmake)
[0.718s] -- Found tf2_ros: 0.25.17 (/opt/ros/humble/share/tf2_ros/cmake)
[0.827s] -- Found tf2_geometry_msgs: 0.25.17 (/opt/ros/humble/share/tf2_geometry_msgs/cmake)
[0.832s] -- Found eigen3_cmake_module: 0.1.1 (/opt/ros/humble/share/eigen3_cmake_module/cmake)
[0.834s] -- Ensuring Eigen3 include directory is part of orocos-kdl CMake target
[0.836s] -- Found diagnostic_updater: 4.0.6 (/opt/ros/humble/share/diagnostic_updater/cmake)
[0.884s] -- Found ament_lint_auto: 0.12.14 (/opt/ros/humble/share/ament_lint_auto/cmake)
[0.885s] -- Found ament_cmake_gtest: 1.3.12 (/opt/ros/humble/share/ament_cmake_gtest/cmake)
[1.000s] -- Found gtest sources under '/opt/ros/humble/src/gtest_vendor': C++ tests using 'Google Test' will be built
[1.032s] -- Added test 'cppcheck' to perform static code analysis on C / C++ code
[1.032s] -- Configured cppcheck include dirs: /home/aitec-jetson/cugo_ws/src/cugo_ros2_control2/include
[1.032s] -- Configured cppcheck exclude dirs and/or files: 
[1.033s] -- Added test 'flake8' to check Python code syntax and style conventions
[1.035s] -- Added test 'lint_cmake' to check CMake code style
[1.037s] -- Added test 'pep257' to check Python code against some of the docstring style conventions in PEP 257
[1.041s] -- Added test 'uncrustify' to check C / C++ code style
[1.041s] -- Configured uncrustify additional arguments: 
[1.042s] -- Added test 'xmllint' to check XML markup files
[1.043s] -- Configuring done
[1.107s] -- Generating done
[1.130s] -- Build files have been written to: /home/aitec-jetson/cugo_ws/build/cugo_ros2_control2
[1.156s] Invoked command in '/home/aitec-jetson/cugo_ws/build/cugo_ros2_control2' returned '0': CMAKE_PREFIX_PATH=${CMAKE_PREFIX_PATH}:/opt/ros/humble /usr/bin/cmake /home/aitec-jetson/cugo_ws/src/cugo_ros2_control2 -DAMENT_CMAKE_SYMLINK_INSTALL=1 -DCMAKE_INSTALL_PREFIX=/home/aitec-jetson/cugo_ws/install/cugo_ros2_control2
[1.161s] Invoking command in '/home/aitec-jetson/cugo_ws/build/cugo_ros2_control2': CMAKE_PREFIX_PATH=${CMAKE_PREFIX_PATH}:/opt/ros/humble /usr/bin/cmake --build /home/aitec-jetson/cugo_ws/build/cugo_ros2_control2 -- -j8 -l8
[1.238s] [35m[1mConsolidate compiler generated dependencies of target gtest_main[0m
[1.238s] [35m[1mConsolidate compiler generated dependencies of target gtest[0m
[1.238s] [35m[1mConsolidate compiler generated dependencies of target cugo_lib[0m
[1.239s] [35m[1mConsolidate compiler generated dependencies of target serial_lib[0m
[1.259s] [ 15%] Built target cugo_lib
[1.259s] [ 21%] Built target gtest_main
[1.261s] [ 31%] Built target gtest
[1.276s] [ 42%] Built target serial_lib
[1.278s] [35m[1mConsolidate compiler generated dependencies of target test_cugo[0m
[1.294s] [35m[1mConsolidate compiler generated dependencies of target test_serial[0m
[1.295s] [35m[1mConsolidate compiler generated dependencies of target node_lib[0m
[1.297s] [35m[1mConsolidate compiler generated dependencies of target test_node[0m
[1.301s] [ 52%] Built target test_cugo
[1.333s] [ 63%] Built target test_serial
[1.346s] [ 73%] Built target node_lib
[1.353s] [ 89%] Built target test_node
[1.364s] [35m[1mConsolidate compiler generated dependencies of target cugo_ros2_control2[0m
[1.409s] [ 94%] [32m[1mLinking CXX executable cugo_ros2_control2[0m
[2.474s] [100%] Built target cugo_ros2_control2
[2.499s] Invoked command in '/home/aitec-jetson/cugo_ws/build/cugo_ros2_control2' returned '0': CMAKE_PREFIX_PATH=${CMAKE_PREFIX_PATH}:/opt/ros/humble /usr/bin/cmake --build /home/aitec-jetson/cugo_ws/build/cugo_ros2_control2 -- -j8 -l8
[2.520s] Invoking command in '/home/aitec-jetson/cugo_ws/build/cugo_ros2_control2': CMAKE_PREFIX_PATH=${CMAKE_PREFIX_PATH}:/opt/ros/humble /usr/bin/cmake --install /home/aitec-jetson/cugo_ws/build/cugo_ros2_control2
[2.536s] -- Install configuration: ""
[2.536s] -- Execute custom install script
[2.537s] -- Symlinking: /home/aitec-jetson/cugo_ws/install/cugo_ros2_control2/lib/cugo_ros2_control2/cugo_ros2_control2
[2.559s] -- Symlinking: /home/aitec-jetson/cugo_ws/install/cugo_ros2_control2/include//include/cugo_ros2_control2/cugo.hpp
[2.577s] -- Symlinking: /home/aitec-jetson/cugo_ws/install/cugo_ros2_control2/include//include/cugo_ros2_control2/node.hpp
[2.596s] -- Symlinking: /home/aitec-jetson/cugo_ws/install/cugo_ros2_control2/include//include/cugo_ros2_control2/serial.hpp
[2.615s] -- Symlinking: /home/aitec-jetson/cugo_ws/install/cugo_ros2_control2/share/cugo_ros2_control2//launch/cugov3i_launch.py
[2.631s] -- Symlinking: /home/aitec-jetson/cugo_ws/install/cugo_ros2_control2/share/cugo_ros2_control2//launch/cugov4_launch.py
[2.649s] -- Symlinking: /home/aitec-jetson/cugo_ws/install/cugo_ros2_control2/share/cugo_ros2_control2//launch/unaju_launch.py
[2.666s] -- Symlinking: /home/aitec-jetson/cugo_ws/install/cugo_ros2_control2/share/cugo_ros2_control2//launch/view_urdf.launch.py
[2.683s] -- Symlinking: /home/aitec-jetson/cugo_ws/install/cugo_ros2_control2/share/cugo_ros2_control2//urdf/my_cugo_robot.urdf.xacro
[2.701s] -- Symlinking: /home/aitec-jetson/cugo_ws/install/cugo_ros2_control2/share/cugo_ros2_control2//urdf/parts/cugo_base.urdf.xacro
[2.718s] -- Symlinking: /home/aitec-jetson/cugo_ws/install/cugo_ros2_control2/share/cugo_ros2_control2//urdf/parts/mid360.urdf.xacro
[2.736s] -- Symlinking: /home/aitec-jetson/cugo_ws/install/cugo_ros2_control2/share/ament_index/resource_index/package_run_dependencies/cugo_ros2_control2
[2.756s] -- Symlinking: /home/aitec-jetson/cugo_ws/install/cugo_ros2_control2/share/ament_index/resource_index/parent_prefix_path/cugo_ros2_control2
[2.772s] -- Symlinking: /home/aitec-jetson/cugo_ws/install/cugo_ros2_control2/share/cugo_ros2_control2/environment/ament_prefix_path.sh
[2.790s] -- Symlinking: /home/aitec-jetson/cugo_ws/install/cugo_ros2_control2/share/cugo_ros2_control2/environment/ament_prefix_path.dsv
[2.807s] -- Symlinking: /home/aitec-jetson/cugo_ws/install/cugo_ros2_control2/share/cugo_ros2_control2/environment/path.sh
[2.825s] -- Symlinking: /home/aitec-jetson/cugo_ws/install/cugo_ros2_control2/share/cugo_ros2_control2/environment/path.dsv
[2.845s] -- Symlinking: /home/aitec-jetson/cugo_ws/install/cugo_ros2_control2/share/cugo_ros2_control2/local_setup.bash
[2.862s] -- Symlinking: /home/aitec-jetson/cugo_ws/install/cugo_ros2_control2/share/cugo_ros2_control2/local_setup.sh
[2.880s] -- Symlinking: /home/aitec-jetson/cugo_ws/install/cugo_ros2_control2/share/cugo_ros2_control2/local_setup.zsh
[2.897s] -- Symlinking: /home/aitec-jetson/cugo_ws/install/cugo_ros2_control2/share/cugo_ros2_control2/local_setup.dsv
[2.914s] -- Symlinking: /home/aitec-jetson/cugo_ws/install/cugo_ros2_control2/share/cugo_ros2_control2/package.dsv
[2.932s] -- Symlinking: /home/aitec-jetson/cugo_ws/install/cugo_ros2_control2/share/ament_index/resource_index/packages/cugo_ros2_control2
[2.951s] -- Symlinking: /home/aitec-jetson/cugo_ws/install/cugo_ros2_control2/share/cugo_ros2_control2/cmake/cugo_ros2_control2Config.cmake
[2.970s] -- Symlinking: /home/aitec-jetson/cugo_ws/install/cugo_ros2_control2/share/cugo_ros2_control2/cmake/cugo_ros2_control2Config-version.cmake
[2.989s] -- Symlinking: /home/aitec-jetson/cugo_ws/install/cugo_ros2_control2/share/cugo_ros2_control2/package.xml
[3.012s] Invoked command in '/home/aitec-jetson/cugo_ws/build/cugo_ros2_control2' returned '0': CMAKE_PREFIX_PATH=${CMAKE_PREFIX_PATH}:/opt/ros/humble /usr/bin/cmake --install /home/aitec-jetson/cugo_ws/build/cugo_ros2_control2
