[0.180s] DEBUG:colcon:Command line arguments: ['/usr/bin/colcon', 'build', '--symlink-install']
[0.180s] DEBUG:colcon:Parsed command line arguments: Namespace(log_base=None, log_level=None, verb_name='build', build_base='build', install_base='install', merge_install=False, symlink_install=True, test_result_base=None, continue_on_error=False, executor='parallel', parallel_workers=8, event_handlers=None, ignore_user_meta=False, metas=['./colcon.meta'], base_paths=['.'], packages_ignore=None, packages_ignore_regex=None, paths=None, packages_up_to=None, packages_up_to_regex=None, packages_above=None, packages_above_and_dependencies=None, packages_above_depth=None, packages_select_by_dep=None, packages_skip_by_dep=None, packages_skip_up_to=None, packages_select_build_failed=False, packages_skip_build_finished=False, packages_select_test_failures=False, packages_skip_test_passed=False, packages_select=None, packages_skip=None, packages_select_regex=None, packages_skip_regex=None, packages_start=None, packages_end=None, allow_overriding=[], cmake_args=None, cmake_target=None, cmake_target_skip_unavailable=False, cmake_clean_cache=False, cmake_clean_first=False, cmake_force_configure=False, ament_cmake_args=None, catkin_cmake_args=None, catkin_skip_building_tests=False, mixin_files=None, mixin=None, verb_parser=<colcon_mixin.mixin.mixin_argument.MixinArgumentDecorator object at 0xffff9f679db0>, verb_extension=<colcon_core.verb.build.BuildVerb object at 0xffff9f77ad40>, main=<bound method BuildVerb.main of <colcon_core.verb.build.BuildVerb object at 0xffff9f77ad40>>, mixin_verb=('build',))
[0.474s] Level 1:colcon.colcon_core.package_discovery:discover_packages(colcon_meta) check parameters
[0.475s] Level 1:colcon.colcon_core.package_discovery:discover_packages(recursive) check parameters
[0.475s] Level 1:colcon.colcon_core.package_discovery:discover_packages(ignore) check parameters
[0.475s] Level 1:colcon.colcon_core.package_discovery:discover_packages(path) check parameters
[0.475s] Level 1:colcon.colcon_core.package_discovery:discover_packages(colcon_meta) discover
[0.475s] Level 1:colcon.colcon_core.package_discovery:discover_packages(recursive) discover
[0.475s] INFO:colcon.colcon_core.package_discovery:Crawling recursively for packages in '/home/aitec-jetson/slam_ws'
[0.475s] Level 1:colcon.colcon_core.package_identification:_identify(.) by extensions ['ignore', 'ignore_ament_install']
[0.476s] Level 1:colcon.colcon_core.package_identification:_identify(.) by extension 'ignore'
[0.476s] Level 1:colcon.colcon_core.package_identification:_identify(.) by extension 'ignore_ament_install'
[0.476s] Level 1:colcon.colcon_core.package_identification:_identify(.) by extensions ['colcon_pkg']
[0.476s] Level 1:colcon.colcon_core.package_identification:_identify(.) by extension 'colcon_pkg'
[0.476s] Level 1:colcon.colcon_core.package_identification:_identify(.) by extensions ['colcon_meta']
[0.476s] Level 1:colcon.colcon_core.package_identification:_identify(.) by extension 'colcon_meta'
[0.476s] Level 1:colcon.colcon_core.package_identification:_identify(.) by extensions ['ros']
[0.476s] Level 1:colcon.colcon_core.package_identification:_identify(.) by extension 'ros'
[0.495s] Level 1:colcon.colcon_core.package_identification:_identify(.) by extensions ['cmake', 'python']
[0.496s] Level 1:colcon.colcon_core.package_identification:_identify(.) by extension 'cmake'
[0.496s] Level 1:colcon.colcon_core.package_identification:_identify(.) by extension 'python'
[0.496s] Level 1:colcon.colcon_core.package_identification:_identify(.) by extensions ['python_setup_py']
[0.496s] Level 1:colcon.colcon_core.package_identification:_identify(.) by extension 'python_setup_py'
[0.496s] Level 1:colcon.colcon_core.package_identification:_identify(build) by extensions ['ignore', 'ignore_ament_install']
[0.496s] Level 1:colcon.colcon_core.package_identification:_identify(build) by extension 'ignore'
[0.496s] Level 1:colcon.colcon_core.package_identification:_identify(build) ignored
[0.496s] Level 1:colcon.colcon_core.package_identification:_identify(install) by extensions ['ignore', 'ignore_ament_install']
[0.497s] Level 1:colcon.colcon_core.package_identification:_identify(install) by extension 'ignore'
[0.497s] Level 1:colcon.colcon_core.package_identification:_identify(install) ignored
[0.497s] Level 1:colcon.colcon_core.package_identification:_identify(log) by extensions ['ignore', 'ignore_ament_install']
[0.497s] Level 1:colcon.colcon_core.package_identification:_identify(log) by extension 'ignore'
[0.497s] Level 1:colcon.colcon_core.package_identification:_identify(log) ignored
[0.497s] Level 1:colcon.colcon_core.package_identification:_identify(src) by extensions ['ignore', 'ignore_ament_install']
[0.497s] Level 1:colcon.colcon_core.package_identification:_identify(src) by extension 'ignore'
[0.497s] Level 1:colcon.colcon_core.package_identification:_identify(src) by extension 'ignore_ament_install'
[0.498s] Level 1:colcon.colcon_core.package_identification:_identify(src) by extensions ['colcon_pkg']
[0.498s] Level 1:colcon.colcon_core.package_identification:_identify(src) by extension 'colcon_pkg'
[0.498s] Level 1:colcon.colcon_core.package_identification:_identify(src) by extensions ['colcon_meta']
[0.498s] Level 1:colcon.colcon_core.package_identification:_identify(src) by extension 'colcon_meta'
[0.498s] Level 1:colcon.colcon_core.package_identification:_identify(src) by extensions ['ros']
[0.498s] Level 1:colcon.colcon_core.package_identification:_identify(src) by extension 'ros'
[0.498s] Level 1:colcon.colcon_core.package_identification:_identify(src) by extensions ['cmake', 'python']
[0.498s] Level 1:colcon.colcon_core.package_identification:_identify(src) by extension 'cmake'
[0.498s] Level 1:colcon.colcon_core.package_identification:_identify(src) by extension 'python'
[0.498s] Level 1:colcon.colcon_core.package_identification:_identify(src) by extensions ['python_setup_py']
[0.498s] Level 1:colcon.colcon_core.package_identification:_identify(src) by extension 'python_setup_py'
[0.498s] Level 1:colcon.colcon_core.package_identification:_identify(src/fast_lio) by extensions ['ignore', 'ignore_ament_install']
[0.499s] Level 1:colcon.colcon_core.package_identification:_identify(src/fast_lio) by extension 'ignore'
[0.499s] Level 1:colcon.colcon_core.package_identification:_identify(src/fast_lio) by extension 'ignore_ament_install'
[0.499s] Level 1:colcon.colcon_core.package_identification:_identify(src/fast_lio) by extensions ['colcon_pkg']
[0.499s] Level 1:colcon.colcon_core.package_identification:_identify(src/fast_lio) by extension 'colcon_pkg'
[0.499s] Level 1:colcon.colcon_core.package_identification:_identify(src/fast_lio) by extensions ['colcon_meta']
[0.499s] Level 1:colcon.colcon_core.package_identification:_identify(src/fast_lio) by extension 'colcon_meta'
[0.499s] Level 1:colcon.colcon_core.package_identification:_identify(src/fast_lio) by extensions ['ros']
[0.499s] Level 1:colcon.colcon_core.package_identification:_identify(src/fast_lio) by extension 'ros'
[0.529s] DEBUG:colcon.colcon_core.package_identification:Package 'src/fast_lio' with type 'ros.ament_cmake' and name 'fast_lio'
[0.530s] Level 1:colcon.colcon_core.package_identification:_identify(src/livox_carto) by extensions ['ignore', 'ignore_ament_install']
[0.530s] Level 1:colcon.colcon_core.package_identification:_identify(src/livox_carto) by extension 'ignore'
[0.530s] Level 1:colcon.colcon_core.package_identification:_identify(src/livox_carto) by extension 'ignore_ament_install'
[0.530s] Level 1:colcon.colcon_core.package_identification:_identify(src/livox_carto) by extensions ['colcon_pkg']
[0.530s] Level 1:colcon.colcon_core.package_identification:_identify(src/livox_carto) by extension 'colcon_pkg'
[0.530s] Level 1:colcon.colcon_core.package_identification:_identify(src/livox_carto) by extensions ['colcon_meta']
[0.530s] Level 1:colcon.colcon_core.package_identification:_identify(src/livox_carto) by extension 'colcon_meta'
[0.530s] Level 1:colcon.colcon_core.package_identification:_identify(src/livox_carto) by extensions ['ros']
[0.530s] Level 1:colcon.colcon_core.package_identification:_identify(src/livox_carto) by extension 'ros'
[0.532s] DEBUG:colcon.colcon_core.package_identification:Package 'src/livox_carto' with type 'ros.ament_python' and name 'livox_carto'
[0.532s] Level 1:colcon.colcon_core.package_discovery:discover_packages(recursive) using defaults
[0.532s] Level 1:colcon.colcon_core.package_discovery:discover_packages(ignore) discover
[0.532s] Level 1:colcon.colcon_core.package_discovery:discover_packages(ignore) using defaults
[0.532s] Level 1:colcon.colcon_core.package_discovery:discover_packages(path) discover
[0.532s] Level 1:colcon.colcon_core.package_discovery:discover_packages(path) using defaults
[0.564s] Level 1:colcon.colcon_core.package_discovery:discover_packages(prefix_path) check parameters
[0.564s] Level 1:colcon.colcon_core.package_discovery:discover_packages(prefix_path) discover
[0.566s] WARNING:colcon.colcon_ros.prefix_path.ament:The path '/home/aitec-jetson/slam_ws/install/fast_lio' in the environment variable AMENT_PREFIX_PATH doesn't exist
[0.566s] WARNING:colcon.colcon_ros.prefix_path.catkin:The path '/home/aitec-jetson/slam_ws/install/fast_lio' in the environment variable CMAKE_PREFIX_PATH doesn't exist
[0.567s] DEBUG:colcon.colcon_installed_package_information.package_discovery:Found 0 installed packages in /home/aitec-jetson/slam_ws/install
[0.568s] DEBUG:colcon.colcon_installed_package_information.package_discovery:Found 2 installed packages in /home/aitec-jetson/cugo_ws/install
[0.570s] DEBUG:colcon.colcon_installed_package_information.package_discovery:Found 278 installed packages in /opt/ros/humble
[0.572s] Level 1:colcon.colcon_core.package_discovery:discover_packages(prefix_path) using defaults
[0.632s] Level 5:colcon.colcon_core.verb:set package 'fast_lio' build argument 'cmake_args' from command line to 'None'
[0.632s] Level 5:colcon.colcon_core.verb:set package 'fast_lio' build argument 'cmake_target' from command line to 'None'
[0.632s] Level 5:colcon.colcon_core.verb:set package 'fast_lio' build argument 'cmake_target_skip_unavailable' from command line to 'False'
[0.632s] Level 5:colcon.colcon_core.verb:set package 'fast_lio' build argument 'cmake_clean_cache' from command line to 'False'
[0.632s] Level 5:colcon.colcon_core.verb:set package 'fast_lio' build argument 'cmake_clean_first' from command line to 'False'
[0.632s] Level 5:colcon.colcon_core.verb:set package 'fast_lio' build argument 'cmake_force_configure' from command line to 'False'
[0.632s] Level 5:colcon.colcon_core.verb:set package 'fast_lio' build argument 'ament_cmake_args' from command line to 'None'
[0.632s] Level 5:colcon.colcon_core.verb:set package 'fast_lio' build argument 'catkin_cmake_args' from command line to 'None'
[0.632s] Level 5:colcon.colcon_core.verb:set package 'fast_lio' build argument 'catkin_skip_building_tests' from command line to 'False'
[0.632s] DEBUG:colcon.colcon_core.verb:Building package 'fast_lio' with the following arguments: {'ament_cmake_args': None, 'build_base': '/home/aitec-jetson/slam_ws/build/fast_lio', 'catkin_cmake_args': None, 'catkin_skip_building_tests': False, 'cmake_args': None, 'cmake_clean_cache': False, 'cmake_clean_first': False, 'cmake_force_configure': False, 'cmake_target': None, 'cmake_target_skip_unavailable': False, 'install_base': '/home/aitec-jetson/slam_ws/install/fast_lio', 'merge_install': False, 'path': '/home/aitec-jetson/slam_ws/src/fast_lio', 'symlink_install': True, 'test_result_base': None}
[0.633s] Level 5:colcon.colcon_core.verb:set package 'livox_carto' build argument 'cmake_args' from command line to 'None'
[0.633s] Level 5:colcon.colcon_core.verb:set package 'livox_carto' build argument 'cmake_target' from command line to 'None'
[0.633s] Level 5:colcon.colcon_core.verb:set package 'livox_carto' build argument 'cmake_target_skip_unavailable' from command line to 'False'
[0.633s] Level 5:colcon.colcon_core.verb:set package 'livox_carto' build argument 'cmake_clean_cache' from command line to 'False'
[0.633s] Level 5:colcon.colcon_core.verb:set package 'livox_carto' build argument 'cmake_clean_first' from command line to 'False'
[0.633s] Level 5:colcon.colcon_core.verb:set package 'livox_carto' build argument 'cmake_force_configure' from command line to 'False'
[0.633s] Level 5:colcon.colcon_core.verb:set package 'livox_carto' build argument 'ament_cmake_args' from command line to 'None'
[0.633s] Level 5:colcon.colcon_core.verb:set package 'livox_carto' build argument 'catkin_cmake_args' from command line to 'None'
[0.633s] Level 5:colcon.colcon_core.verb:set package 'livox_carto' build argument 'catkin_skip_building_tests' from command line to 'False'
[0.633s] DEBUG:colcon.colcon_core.verb:Building package 'livox_carto' with the following arguments: {'ament_cmake_args': None, 'build_base': '/home/aitec-jetson/slam_ws/build/livox_carto', 'catkin_cmake_args': None, 'catkin_skip_building_tests': False, 'cmake_args': None, 'cmake_clean_cache': False, 'cmake_clean_first': False, 'cmake_force_configure': False, 'cmake_target': None, 'cmake_target_skip_unavailable': False, 'install_base': '/home/aitec-jetson/slam_ws/install/livox_carto', 'merge_install': False, 'path': '/home/aitec-jetson/slam_ws/src/livox_carto', 'symlink_install': True, 'test_result_base': None}
[0.634s] INFO:colcon.colcon_core.executor:Executing jobs using 'parallel' executor
[0.636s] DEBUG:colcon.colcon_parallel_executor.executor.parallel:run_until_complete
[0.636s] INFO:colcon.colcon_ros.task.ament_cmake.build:Building ROS package in '/home/aitec-jetson/slam_ws/src/fast_lio' with build type 'ament_cmake'
[0.636s] INFO:colcon.colcon_cmake.task.cmake.build:Building CMake package in '/home/aitec-jetson/slam_ws/src/fast_lio'
[0.640s] INFO:colcon.colcon_core.plugin_system:Skipping extension 'colcon_core.shell.bat': Not used on non-Windows systems
[0.640s] INFO:colcon.colcon_core.shell:Skip shell extension 'powershell' for command environment: Not usable outside of PowerShell
[0.640s] DEBUG:colcon.colcon_core.shell:Skip shell extension 'dsv' for command environment
[0.646s] INFO:colcon.colcon_ros.task.ament_python.build:Building ROS package in '/home/aitec-jetson/slam_ws/src/livox_carto' with build type 'ament_python'
[0.646s] Level 1:colcon.colcon_core.shell:create_environment_hook('livox_carto', 'ament_prefix_path')
[0.647s] INFO:colcon.colcon_core.shell:Creating environment hook '/home/aitec-jetson/slam_ws/install/livox_carto/share/livox_carto/hook/ament_prefix_path.ps1'
[0.648s] INFO:colcon.colcon_core.shell:Creating environment descriptor '/home/aitec-jetson/slam_ws/install/livox_carto/share/livox_carto/hook/ament_prefix_path.dsv'
[0.649s] INFO:colcon.colcon_core.shell:Creating environment hook '/home/aitec-jetson/slam_ws/install/livox_carto/share/livox_carto/hook/ament_prefix_path.sh'
[0.650s] INFO:colcon.colcon_core.shell:Skip shell extension 'powershell' for command environment: Not usable outside of PowerShell
[0.650s] DEBUG:colcon.colcon_core.shell:Skip shell extension 'dsv' for command environment
[0.663s] DEBUG:colcon.colcon_core.event_handler.log_command:Invoking command in '/home/aitec-jetson/slam_ws/build/fast_lio': CMAKE_PREFIX_PATH=${CMAKE_PREFIX_PATH}:/opt/ros/humble /usr/bin/cmake /home/aitec-jetson/slam_ws/src/fast_lio -DAMENT_CMAKE_SYMLINK_INSTALL=1 -DCMAKE_INSTALL_PREFIX=/home/aitec-jetson/slam_ws/install/fast_lio
[1.170s] INFO:colcon.colcon_core.task.python.build:Building Python package in '/home/aitec-jetson/slam_ws/src/livox_carto'
[1.171s] INFO:colcon.colcon_core.shell:Skip shell extension 'powershell' for command environment: Not usable outside of PowerShell
[1.171s] DEBUG:colcon.colcon_core.shell:Skip shell extension 'dsv' for command environment
[1.815s] DEBUG:colcon.colcon_core.event_handler.log_command:Invoking command in '/home/aitec-jetson/slam_ws/build/livox_carto': PYTHONPATH=/home/aitec-jetson/slam_ws/build/livox_carto/prefix_override:/usr/lib/python3/dist-packages/colcon_core/task/python/colcon_distutils_commands:/home/aitec-jetson/slam_ws/install/livox_carto/lib/python3.10/site-packages:${PYTHONPATH} /usr/bin/python3 -W ignore:setup.py install is deprecated -W ignore:easy_install command is deprecated setup.py develop --editable --build-directory /home/aitec-jetson/slam_ws/build/livox_carto/build --no-deps symlink_data
[2.634s] Level 1:colcon.colcon_core.shell:create_environment_hook('livox_carto', 'pythonpath_develop')
[2.636s] INFO:colcon.colcon_core.shell:Creating environment hook '/home/aitec-jetson/slam_ws/build/livox_carto/share/livox_carto/hook/pythonpath_develop.ps1'
[2.636s] DEBUG:colcon.colcon_core.event_handler.log_command:Invoked command in '/home/aitec-jetson/slam_ws/build/livox_carto' returned '0': PYTHONPATH=/home/aitec-jetson/slam_ws/build/livox_carto/prefix_override:/usr/lib/python3/dist-packages/colcon_core/task/python/colcon_distutils_commands:/home/aitec-jetson/slam_ws/install/livox_carto/lib/python3.10/site-packages:${PYTHONPATH} /usr/bin/python3 -W ignore:setup.py install is deprecated -W ignore:easy_install command is deprecated setup.py develop --editable --build-directory /home/aitec-jetson/slam_ws/build/livox_carto/build --no-deps symlink_data
[2.639s] INFO:colcon.colcon_core.shell:Creating environment descriptor '/home/aitec-jetson/slam_ws/build/livox_carto/share/livox_carto/hook/pythonpath_develop.dsv'
[2.640s] INFO:colcon.colcon_core.shell:Creating environment hook '/home/aitec-jetson/slam_ws/build/livox_carto/share/livox_carto/hook/pythonpath_develop.sh'
[2.650s] Level 1:colcon.colcon_core.environment:checking '/home/aitec-jetson/slam_ws/install/livox_carto' for CMake module files
[2.652s] Level 1:colcon.colcon_core.environment:checking '/home/aitec-jetson/slam_ws/install/livox_carto' for CMake config files
[2.654s] Level 1:colcon.colcon_core.environment:checking '/home/aitec-jetson/slam_ws/install/livox_carto/lib'
[2.655s] Level 1:colcon.colcon_core.environment:checking '/home/aitec-jetson/slam_ws/install/livox_carto/bin'
[2.655s] Level 1:colcon.colcon_core.environment:checking '/home/aitec-jetson/slam_ws/install/livox_carto/lib/pkgconfig/livox_carto.pc'
[2.656s] Level 1:colcon.colcon_core.environment:checking '/home/aitec-jetson/slam_ws/install/livox_carto/lib/python3.10/site-packages'
[2.656s] Level 1:colcon.colcon_core.shell:create_environment_hook('livox_carto', 'pythonpath')
[2.657s] INFO:colcon.colcon_core.shell:Creating environment hook '/home/aitec-jetson/slam_ws/install/livox_carto/share/livox_carto/hook/pythonpath.ps1'
[2.659s] INFO:colcon.colcon_core.shell:Creating environment descriptor '/home/aitec-jetson/slam_ws/install/livox_carto/share/livox_carto/hook/pythonpath.dsv'
[2.660s] INFO:colcon.colcon_core.shell:Creating environment hook '/home/aitec-jetson/slam_ws/install/livox_carto/share/livox_carto/hook/pythonpath.sh'
[2.663s] Level 1:colcon.colcon_core.environment:checking '/home/aitec-jetson/slam_ws/install/livox_carto/bin'
[2.663s] Level 1:colcon.colcon_core.environment:create_environment_scripts_only(livox_carto)
[2.664s] INFO:colcon.colcon_core.shell:Creating package script '/home/aitec-jetson/slam_ws/install/livox_carto/share/livox_carto/package.ps1'
[2.668s] INFO:colcon.colcon_core.shell:Creating package descriptor '/home/aitec-jetson/slam_ws/install/livox_carto/share/livox_carto/package.dsv'
[2.670s] INFO:colcon.colcon_core.shell:Creating package script '/home/aitec-jetson/slam_ws/install/livox_carto/share/livox_carto/package.sh'
[2.672s] INFO:colcon.colcon_core.shell:Creating package script '/home/aitec-jetson/slam_ws/install/livox_carto/share/livox_carto/package.bash'
[2.675s] INFO:colcon.colcon_core.shell:Creating package script '/home/aitec-jetson/slam_ws/install/livox_carto/share/livox_carto/package.zsh'
[2.678s] Level 1:colcon.colcon_core.environment:create_file_with_runtime_dependencies(/home/aitec-jetson/slam_ws/install/livox_carto/share/colcon-core/packages/livox_carto)
[8.760s] DEBUG:colcon.colcon_core.event_handler.log_command:Invoked command in '/home/aitec-jetson/slam_ws/build/fast_lio' returned '0': CMAKE_PREFIX_PATH=${CMAKE_PREFIX_PATH}:/opt/ros/humble /usr/bin/cmake /home/aitec-jetson/slam_ws/src/fast_lio -DAMENT_CMAKE_SYMLINK_INSTALL=1 -DCMAKE_INSTALL_PREFIX=/home/aitec-jetson/slam_ws/install/fast_lio
[8.767s] DEBUG:colcon.colcon_core.event_handler.log_command:Invoking command in '/home/aitec-jetson/slam_ws/build/fast_lio': CMAKE_PREFIX_PATH=${CMAKE_PREFIX_PATH}:/opt/ros/humble /usr/bin/cmake --build /home/aitec-jetson/slam_ws/build/fast_lio -- -j8 -l8
[149.640s] DEBUG:colcon.colcon_core.event_handler.log_command:Invoked command in '/home/aitec-jetson/slam_ws/build/fast_lio' returned '0': CMAKE_PREFIX_PATH=${CMAKE_PREFIX_PATH}:/opt/ros/humble /usr/bin/cmake --build /home/aitec-jetson/slam_ws/build/fast_lio -- -j8 -l8
[149.665s] DEBUG:colcon.colcon_core.event_handler.log_command:Invoking command in '/home/aitec-jetson/slam_ws/build/fast_lio': CMAKE_PREFIX_PATH=${CMAKE_PREFIX_PATH}:/opt/ros/humble /usr/bin/cmake --install /home/aitec-jetson/slam_ws/build/fast_lio
[151.090s] Level 1:colcon.colcon_core.environment:create_environment_scripts_only(fast_lio)
[151.091s] Level 1:colcon.colcon_core.environment:checking '/home/aitec-jetson/slam_ws/install/fast_lio' for CMake module files
[151.092s] DEBUG:colcon.colcon_core.event_handler.log_command:Invoked command in '/home/aitec-jetson/slam_ws/build/fast_lio' returned '0': CMAKE_PREFIX_PATH=${CMAKE_PREFIX_PATH}:/opt/ros/humble /usr/bin/cmake --install /home/aitec-jetson/slam_ws/build/fast_lio
[151.095s] Level 1:colcon.colcon_core.environment:checking '/home/aitec-jetson/slam_ws/install/fast_lio' for CMake config files
[151.096s] Level 1:colcon.colcon_core.shell:create_environment_hook('fast_lio', 'cmake_prefix_path')
[151.097s] INFO:colcon.colcon_core.shell:Creating environment hook '/home/aitec-jetson/slam_ws/install/fast_lio/share/fast_lio/hook/cmake_prefix_path.ps1'
[151.099s] INFO:colcon.colcon_core.shell:Creating environment descriptor '/home/aitec-jetson/slam_ws/install/fast_lio/share/fast_lio/hook/cmake_prefix_path.dsv'
[151.100s] INFO:colcon.colcon_core.shell:Creating environment hook '/home/aitec-jetson/slam_ws/install/fast_lio/share/fast_lio/hook/cmake_prefix_path.sh'
[151.102s] Level 1:colcon.colcon_core.environment:checking '/home/aitec-jetson/slam_ws/install/fast_lio/lib'
[151.103s] Level 1:colcon.colcon_core.shell:create_environment_hook('fast_lio', 'ld_library_path_lib')
[151.103s] INFO:colcon.colcon_core.shell:Creating environment hook '/home/aitec-jetson/slam_ws/install/fast_lio/share/fast_lio/hook/ld_library_path_lib.ps1'
[151.105s] INFO:colcon.colcon_core.shell:Creating environment descriptor '/home/aitec-jetson/slam_ws/install/fast_lio/share/fast_lio/hook/ld_library_path_lib.dsv'
[151.106s] INFO:colcon.colcon_core.shell:Creating environment hook '/home/aitec-jetson/slam_ws/install/fast_lio/share/fast_lio/hook/ld_library_path_lib.sh'
[151.107s] Level 1:colcon.colcon_core.environment:checking '/home/aitec-jetson/slam_ws/install/fast_lio/bin'
[151.108s] Level 1:colcon.colcon_core.environment:checking '/home/aitec-jetson/slam_ws/install/fast_lio/lib/pkgconfig/fast_lio.pc'
[151.108s] Level 1:colcon.colcon_core.environment:checking '/home/aitec-jetson/slam_ws/install/fast_lio/lib/python3.10/site-packages'
[151.110s] Level 1:colcon.colcon_core.environment:checking '/home/aitec-jetson/slam_ws/install/fast_lio/bin'
[151.110s] INFO:colcon.colcon_core.shell:Creating package script '/home/aitec-jetson/slam_ws/install/fast_lio/share/fast_lio/package.ps1'
[151.111s] INFO:colcon.colcon_core.shell:Creating package descriptor '/home/aitec-jetson/slam_ws/install/fast_lio/share/fast_lio/package.dsv'
[151.112s] INFO:colcon.colcon_core.shell:Creating package script '/home/aitec-jetson/slam_ws/install/fast_lio/share/fast_lio/package.sh'
[151.112s] INFO:colcon.colcon_core.shell:Creating package script '/home/aitec-jetson/slam_ws/install/fast_lio/share/fast_lio/package.bash'
[151.113s] INFO:colcon.colcon_core.shell:Creating package script '/home/aitec-jetson/slam_ws/install/fast_lio/share/fast_lio/package.zsh'
[151.114s] Level 1:colcon.colcon_core.environment:create_file_with_runtime_dependencies(/home/aitec-jetson/slam_ws/install/fast_lio/share/colcon-core/packages/fast_lio)
[151.116s] Level 1:colcon.colcon_core.environment:create_environment_scripts_only(fast_lio)
[151.117s] Level 1:colcon.colcon_core.environment:checking '/home/aitec-jetson/slam_ws/install/fast_lio' for CMake module files
[151.120s] Level 1:colcon.colcon_core.environment:checking '/home/aitec-jetson/slam_ws/install/fast_lio' for CMake config files
[151.122s] Level 1:colcon.colcon_core.shell:create_environment_hook('fast_lio', 'cmake_prefix_path')
[151.122s] INFO:colcon.colcon_core.shell:Creating environment hook '/home/aitec-jetson/slam_ws/install/fast_lio/share/fast_lio/hook/cmake_prefix_path.ps1'
[151.124s] INFO:colcon.colcon_core.shell:Creating environment descriptor '/home/aitec-jetson/slam_ws/install/fast_lio/share/fast_lio/hook/cmake_prefix_path.dsv'
[151.125s] INFO:colcon.colcon_core.shell:Creating environment hook '/home/aitec-jetson/slam_ws/install/fast_lio/share/fast_lio/hook/cmake_prefix_path.sh'
[151.127s] Level 1:colcon.colcon_core.environment:checking '/home/aitec-jetson/slam_ws/install/fast_lio/lib'
[151.128s] Level 1:colcon.colcon_core.shell:create_environment_hook('fast_lio', 'ld_library_path_lib')
[151.128s] INFO:colcon.colcon_core.shell:Creating environment hook '/home/aitec-jetson/slam_ws/install/fast_lio/share/fast_lio/hook/ld_library_path_lib.ps1'
[151.130s] INFO:colcon.colcon_core.shell:Creating environment descriptor '/home/aitec-jetson/slam_ws/install/fast_lio/share/fast_lio/hook/ld_library_path_lib.dsv'
[151.131s] INFO:colcon.colcon_core.shell:Creating environment hook '/home/aitec-jetson/slam_ws/install/fast_lio/share/fast_lio/hook/ld_library_path_lib.sh'
[151.133s] Level 1:colcon.colcon_core.environment:checking '/home/aitec-jetson/slam_ws/install/fast_lio/bin'
[151.133s] Level 1:colcon.colcon_core.environment:checking '/home/aitec-jetson/slam_ws/install/fast_lio/lib/pkgconfig/fast_lio.pc'
[151.133s] Level 1:colcon.colcon_core.environment:checking '/home/aitec-jetson/slam_ws/install/fast_lio/lib/python3.10/site-packages'
[151.134s] Level 1:colcon.colcon_core.environment:checking '/home/aitec-jetson/slam_ws/install/fast_lio/bin'
[151.134s] INFO:colcon.colcon_core.shell:Creating package script '/home/aitec-jetson/slam_ws/install/fast_lio/share/fast_lio/package.ps1'
[151.135s] INFO:colcon.colcon_core.shell:Creating package descriptor '/home/aitec-jetson/slam_ws/install/fast_lio/share/fast_lio/package.dsv'
[151.136s] INFO:colcon.colcon_core.shell:Creating package script '/home/aitec-jetson/slam_ws/install/fast_lio/share/fast_lio/package.sh'
[151.136s] INFO:colcon.colcon_core.shell:Creating package script '/home/aitec-jetson/slam_ws/install/fast_lio/share/fast_lio/package.bash'
[151.137s] INFO:colcon.colcon_core.shell:Creating package script '/home/aitec-jetson/slam_ws/install/fast_lio/share/fast_lio/package.zsh'
[151.139s] Level 1:colcon.colcon_core.environment:create_file_with_runtime_dependencies(/home/aitec-jetson/slam_ws/install/fast_lio/share/colcon-core/packages/fast_lio)
[151.140s] DEBUG:colcon.colcon_parallel_executor.executor.parallel:closing loop
[151.141s] DEBUG:colcon.colcon_parallel_executor.executor.parallel:loop closed
[151.141s] DEBUG:colcon.colcon_parallel_executor.executor.parallel:run_until_complete finished with '0'
[151.141s] DEBUG:colcon.colcon_core.event_reactor:joining thread
[151.161s] INFO:colcon.colcon_core.plugin_system:Skipping extension 'colcon_notification.desktop_notification.terminal_notifier': Not used on non-Darwin systems
[151.161s] INFO:colcon.colcon_core.plugin_system:Skipping extension 'colcon_notification.desktop_notification.win32': Not used on non-Windows systems
[151.161s] INFO:colcon.colcon_notification.desktop_notification:Sending desktop notification using 'notify2'
[151.203s] DEBUG:colcon.colcon_core.event_reactor:joined thread
[151.204s] INFO:colcon.colcon_core.shell:Creating prefix script '/home/aitec-jetson/slam_ws/install/local_setup.ps1'
[151.206s] INFO:colcon.colcon_core.shell:Creating prefix util module '/home/aitec-jetson/slam_ws/install/_local_setup_util_ps1.py'
[151.209s] INFO:colcon.colcon_core.shell:Creating prefix chain script '/home/aitec-jetson/slam_ws/install/setup.ps1'
[151.212s] INFO:colcon.colcon_core.shell:Creating prefix script '/home/aitec-jetson/slam_ws/install/local_setup.sh'
[151.213s] INFO:colcon.colcon_core.shell:Creating prefix util module '/home/aitec-jetson/slam_ws/install/_local_setup_util_sh.py'
[151.215s] INFO:colcon.colcon_core.shell:Creating prefix chain script '/home/aitec-jetson/slam_ws/install/setup.sh'
[151.218s] INFO:colcon.colcon_core.shell:Creating prefix script '/home/aitec-jetson/slam_ws/install/local_setup.bash'
[151.220s] INFO:colcon.colcon_core.shell:Creating prefix chain script '/home/aitec-jetson/slam_ws/install/setup.bash'
[151.223s] INFO:colcon.colcon_core.shell:Creating prefix script '/home/aitec-jetson/slam_ws/install/local_setup.zsh'
[151.224s] INFO:colcon.colcon_core.shell:Creating prefix chain script '/home/aitec-jetson/slam_ws/install/setup.zsh'
